# JRE version: OpenJDK Runtime Environment Temurin-21.0.10+7 (21.0.10+7) (build 21.0.10+7-LTS)
# Java VM: OpenJDK 64-Bit Server VM Temurin-21.0.10+7 (21.0.10+7-LTS, mixed mode, sharing, tiered, compressed oops, compressed class ptrs, g1 gc, windows-amd64)
GC Precious Log:
 CardTable entry size: 512
 Card Set container configuration: InlinePtr #cards 5 size 8 Array Of Cards #cards 12 size 40 Howl #buckets 4 coarsen threshold 1843 Howl Bitmap #cards 512 size 80 coarsen threshold 460 Card regions per heap region 1 cards per card region 2048
 CPUs: 12 total, 12 available
 Memory: 7521M
 Large Page Support: Disabled
 NUMA Support: Disabled
 Compressed Oops: Enabled (32-bit)
 Heap Region Size: 1M
 Heap Min Capacity: 8M
 Heap Initial Capacity: 118M
 Heap Max Capacity: 1G
 Pre-touch: Disabled
 Parallel Workers: 10
 Concurrent Workers: 3
 Concurrent Refinement Workers: 10
 Periodic GC: Disabled
Heap:
 garbage-first heap   total 165888K, used 132745K [0x00000000c0000000, 0x0000000100000000)
  region size 1024K, 42 young (43008K), 7 survivors (7168K)
 Metaspace       used 89393K, committed 91584K, reserved 1179648K
  class space    used 12801K, committed 13888K, reserved 1048576K
GC Heap History (20 events):
Event: 25.326 GC heap before
{Heap before GC invocations=21 (full 0):
 garbage-first heap   total 125952K, used 92442K [0x00000000c0000000, 0x0000000100000000)
  region size 1024K, 20 young (20480K), 2 survivors (2048K)
 Metaspace       used 64785K, committed 66752K, reserved 1114112K
  class space    used 9244K, committed 10240K, reserved 1048576K
}
Event: 25.331 GC heap after
{Heap after GC invocations=22 (full 0):
 garbage-first heap   total 125952K, used 77003K [0x00000000c0000000, 0x0000000100000000)
  region size 1024K, 4 young (4096K), 4 survivors (4096K)
 Metaspace       used 64785K, committed 66752K, reserved 1114112K
  class space    used 9244K, committed 10240K, reserved 1048576K
}
Event: 26.144 GC heap before
{Heap before GC invocations=23 (full 0):
 garbage-first heap   total 137216K, used 118987K [0x00000000c0000000, 0x0000000100000000)
  region size 1024K, 40 young (40960K), 4 survivors (4096K)
 Metaspace       used 66607K, committed 68608K, reserved 1114112K
  class space    used 9513K, committed 10496K, reserved 1048576K
}
Event: 26.149 GC heap after
{Heap after GC invocations=24 (full 0):
 garbage-first heap   total 137216K, used 81136K [0x00000000c0000000, 0x0000000100000000)
  region size 1024K, 5 young (5120K), 5 survivors (5120K)
 Metaspace       used 66607K, committed 68608K, reserved 1114112K
  class space    used 9513K, committed 10496K, reserved 1048576K
}
Event: 27.420 GC heap before
{Heap before GC invocations=24 (full 0):
 garbage-first heap   total 137216K, used 121072K [0x00000000c0000000, 0x0000000100000000)
  region size 1024K, 44 young (45056K), 5 survivors (5120K)
 Metaspace       used 69450K, committed 71488K, reserved 1114112K
  class space    used 9882K, committed 10880K, reserved 1048576K
}
Event: 27.425 GC heap after
{Heap after GC invocations=25 (full 0):
 garbage-first heap   total 137216K, used 81205K [0x00000000c0000000, 0x0000000100000000)
  region size 1024K, 3 young (3072K), 3 survivors (3072K)
 Metaspace       used 69450K, committed 71488K, reserved 1114112K
  class space    used 9882K, committed 10880K, reserved 1048576K
}
Event: 27.728 GC heap before
{Heap before GC invocations=25 (full 0):
 garbage-first heap   total 137216K, used 95541K [0x00000000c0000000, 0x0000000100000000)
  region size 1024K, 18 young (18432K), 3 survivors (3072K)
 Metaspace       used 71511K, committed 73472K, reserved 1114112K
  class space    used 10165K, committed 11136K, reserved 1048576K
}
Event: 27.733 GC heap after
{Heap after GC invocations=26 (full 0):
 garbage-first heap   total 137216K, used 81928K [0x00000000c0000000, 0x0000000100000000)
  region size 1024K, 3 young (3072K), 3 survivors (3072K)
 Metaspace       used 71511K, committed 73472K, reserved 1114112K
  class space    used 10165K, committed 11136K, reserved 1048576K
}
Event: 28.492 GC heap before
{Heap before GC invocations=27 (full 0):
 garbage-first heap   total 145408K, used 128008K [0x00000000c0000000, 0x0000000100000000)
  region size 1024K, 44 young (45056K), 3 survivors (3072K)
 Metaspace       used 74901K, committed 76928K, reserved 1179648K
  class space    used 10607K, committed 11584K, reserved 1048576K
}
Event: 28.496 GC heap after
{Heap after GC invocations=28 (full 0):
 garbage-first heap   total 145408K, used 88682K [0x00000000c0000000, 0x0000000100000000)
  region size 1024K, 6 young (6144K), 6 survivors (6144K)
 Metaspace       used 74901K, committed 76928K, reserved 1179648K
  class space    used 10607K, committed 11584K, reserved 1048576K
}
Event: 29.181 GC heap before
{Heap before GC invocations=28 (full 0):
 garbage-first heap   total 145408K, used 131690K [0x00000000c0000000, 0x0000000100000000)
  region size 1024K, 48 young (49152K), 6 survivors (6144K)
 Metaspace       used 75754K, committed 77760K, reserved 1179648K
  class space    used 10714K, committed 11712K, reserved 1048576K
}
Event: 29.187 GC heap after
{Heap after GC invocations=29 (full 0):
 garbage-first heap   total 145408K, used 91541K [0x00000000c0000000, 0x0000000100000000)
  region size 1024K, 6 young (6144K), 6 survivors (6144K)
 Metaspace       used 75754K, committed 77760K, reserved 1179648K
  class space    used 10714K, committed 11712K, reserved 1048576K
}
Event: 29.743 GC heap before
{Heap before GC invocations=29 (full 0):
 garbage-first heap   total 145408K, used 132501K [0x00000000c0000000, 0x0000000100000000)
  region size 1024K, 46 young (47104K), 6 survivors (6144K)
 Metaspace       used 78302K, committed 80320K, reserved 1179648K
  class space    used 11061K, committed 12096K, reserved 1048576K
}
Event: 29.749 GC heap after
{Heap after GC invocations=30 (full 0):
 garbage-first heap   total 145408K, used 92177K [0x00000000c0000000, 0x0000000100000000)
  region size 1024K, 2 young (2048K), 2 survivors (2048K)
 Metaspace       used 78302K, committed 80320K, reserved 1179648K
  class space    used 11061K, committed 12096K, reserved 1048576K
}
Event: 30.504 GC heap before
{Heap before GC invocations=31 (full 0):
 garbage-first heap   total 155648K, used 134161K [0x00000000c0000000, 0x0000000100000000)
  region size 1024K, 42 young (43008K), 2 survivors (2048K)
 Metaspace       used 81424K, committed 83456K, reserved 1179648K
  class space    used 11571K, committed 12608K, reserved 1048576K
}
Event: 30.507 GC heap after
{Heap after GC invocations=32 (full 0):
 garbage-first heap   total 155648K, used 93165K [0x00000000c0000000, 0x0000000100000000)
  region size 1024K, 3 young (3072K), 3 survivors (3072K)
 Metaspace       used 81424K, committed 83456K, reserved 1179648K
  class space    used 11571K, committed 12608K, reserved 1048576K
}
Event: 31.337 GC heap before
{Heap before GC invocations=32 (full 0):
 garbage-first heap   total 155648K, used 141293K [0x00000000c0000000, 0x0000000100000000)
  region size 1024K, 50 young (51200K), 3 survivors (3072K)
 Metaspace       used 84996K, committed 87168K, reserved 1179648K
  class space    used 12154K, committed 13248K, reserved 1048576K
}
Event: 31.345 GC heap after
{Heap after GC invocations=33 (full 0):
 garbage-first heap   total 155648K, used 93809K [0x00000000c0000000, 0x0000000100000000)
  region size 1024K, 5 young (5120K), 5 survivors (5120K)
 Metaspace       used 84996K, committed 87168K, reserved 1179648K
  class space    used 12154K, committed 13248K, reserved 1048576K
}
Event: 32.822 GC heap before
{Heap before GC invocations=33 (full 0):
 garbage-first heap   total 155648K, used 130673K [0x00000000c0000000, 0x0000000100000000)
  region size 1024K, 42 young (43008K), 5 survivors (5120K)
 Metaspace       used 87622K, committed 89792K, reserved 1179648K
  class space    used 12519K, committed 13632K, reserved 1048576K
}
Event: 32.828 GC heap after
{Heap after GC invocations=34 (full 0):
 garbage-first heap   total 155648K, used 96905K [0x00000000c0000000, 0x0000000100000000)
  region size 1024K, 7 young (7168K), 7 survivors (7168K)
 Metaspace       used 87622K, committed 89792K, reserved 1179648K
  class space    used 12519K, committed 13632K, reserved 1048576K
}

