# JRE version: OpenJDK Runtime Environment (21.0.8) (build 21.0.8+-14196175-b1038.72)
# Java VM: OpenJDK 64-Bit Server VM (21.0.8+-14196175-b1038.72, mixed mode, tiered, compressed oops, compressed class ptrs, g1 gc, windows-amd64)
GC Precious Log:
 CardTable entry size: 512
 Card Set container configuration: InlinePtr #cards 5 size 8 Array Of Cards #cards 12 size 40 Howl #buckets 4 coarsen threshold 1843 Howl Bitmap #cards 512 size 80 coarsen threshold 460 Card regions per heap region 1 cards per card region 2048
 CPUs: 12 total, 12 available
 Memory: 7521M
 Large Page Support: Disabled
 NUMA Support: Disabled
 Compressed Oops: Enabled (32-bit)
 Heap Region Size: 1M
 Heap Min Capacity: 8M
 Heap Initial Capacity: 118M
 Heap Max Capacity: 2G
 Pre-touch: Disabled
 Parallel Workers: 10
 Concurrent Workers: 3
 Concurrent Refinement Workers: 10
 Periodic GC: Disabled
Heap:
 garbage-first heap   total 286720K, used 258683K [0x0000000080000000, 0x0000000100000000)
  region size 1024K, 87 young (89088K), 6 survivors (6144K)
 Metaspace       used 145853K, committed 148288K, reserved 1179648K
  class space    used 20811K, committed 22016K, reserved 1048576K
GC Heap History (20 events):
Event: 33.274 GC heap before
{Heap before GC invocations=52 (full 0):
 garbage-first heap   total 235520K, used 216391K [0x0000000080000000, 0x0000000100000000)
  region size 1024K, 83 young (84992K), 5 survivors (5120K)
 Metaspace       used 122787K, committed 125056K, reserved 1179648K
  class space    used 17220K, committed 18368K, reserved 1048576K
}
Event: 33.282 GC heap after
{Heap after GC invocations=53 (full 0):
 garbage-first heap   total 235520K, used 140700K [0x0000000080000000, 0x0000000100000000)
  region size 1024K, 8 young (8192K), 8 survivors (8192K)
 Metaspace       used 122787K, committed 125056K, reserved 1179648K
  class space    used 17220K, committed 18368K, reserved 1048576K
}
Event: 37.276 GC heap before
{Heap before GC invocations=54 (full 0):
 garbage-first heap   total 235520K, used 213404K [0x0000000080000000, 0x0000000100000000)
  region size 1024K, 80 young (81920K), 8 survivors (8192K)
 Metaspace       used 124459K, committed 126784K, reserved 1179648K
  class space    used 17436K, committed 18560K, reserved 1048576K
}
Event: 37.285 GC heap after
{Heap after GC invocations=55 (full 0):
 garbage-first heap   total 235520K, used 143522K [0x0000000080000000, 0x0000000100000000)
  region size 1024K, 9 young (9216K), 9 survivors (9216K)
 Metaspace       used 124459K, committed 126784K, reserved 1179648K
  class space    used 17436K, committed 18560K, reserved 1048576K
}
Event: 141.715 GC heap before
{Heap before GC invocations=55 (full 0):
 garbage-first heap   total 235520K, used 212130K [0x0000000080000000, 0x0000000100000000)
  region size 1024K, 77 young (78848K), 9 survivors (9216K)
 Metaspace       used 127408K, committed 129728K, reserved 1179648K
  class space    used 17833K, committed 18944K, reserved 1048576K
}
Event: 141.907 GC heap after
{Heap after GC invocations=56 (full 0):
 garbage-first heap   total 235520K, used 145346K [0x0000000080000000, 0x0000000100000000)
  region size 1024K, 6 young (6144K), 6 survivors (6144K)
 Metaspace       used 127408K, committed 129728K, reserved 1179648K
  class space    used 17833K, committed 18944K, reserved 1048576K
}
Event: 144.293 GC heap before
{Heap before GC invocations=56 (full 0):
 garbage-first heap   total 235520K, used 214978K [0x0000000080000000, 0x0000000100000000)
  region size 1024K, 75 young (76800K), 6 survivors (6144K)
 Metaspace       used 128638K, committed 131008K, reserved 1179648K
  class space    used 18019K, committed 19200K, reserved 1048576K
}
Event: 144.343 GC heap after
{Heap after GC invocations=57 (full 0):
 garbage-first heap   total 235520K, used 149839K [0x0000000080000000, 0x0000000100000000)
  region size 1024K, 10 young (10240K), 10 survivors (10240K)
 Metaspace       used 128638K, committed 131008K, reserved 1179648K
  class space    used 18019K, committed 19200K, reserved 1048576K
}
Event: 144.524 GC heap before
{Heap before GC invocations=57 (full 0):
 garbage-first heap   total 235520K, used 211279K [0x0000000080000000, 0x0000000100000000)
  region size 1024K, 71 young (72704K), 10 survivors (10240K)
 Metaspace       used 128670K, committed 131008K, reserved 1179648K
  class space    used 18025K, committed 19200K, reserved 1048576K
}
Event: 144.547 GC heap after
{Heap after GC invocations=58 (full 0):
 garbage-first heap   total 235520K, used 152068K [0x0000000080000000, 0x0000000100000000)
  region size 1024K, 3 young (3072K), 3 survivors (3072K)
 Metaspace       used 128670K, committed 131008K, reserved 1179648K
  class space    used 18025K, committed 19200K, reserved 1048576K
}
Event: 146.028 GC heap before
{Heap before GC invocations=59 (full 0):
 garbage-first heap   total 254976K, used 217604K [0x0000000080000000, 0x0000000100000000)
  region size 1024K, 68 young (69632K), 3 survivors (3072K)
 Metaspace       used 132719K, committed 135040K, reserved 1179648K
  class space    used 18650K, committed 19840K, reserved 1048576K
}
Event: 146.037 GC heap after
{Heap after GC invocations=60 (full 0):
 garbage-first heap   total 254976K, used 156150K [0x0000000080000000, 0x0000000100000000)
  region size 1024K, 7 young (7168K), 7 survivors (7168K)
 Metaspace       used 132719K, committed 135040K, reserved 1179648K
  class space    used 18650K, committed 19840K, reserved 1048576K
}
Event: 147.295 GC heap before
{Heap before GC invocations=60 (full 0):
 garbage-first heap   total 254976K, used 232950K [0x0000000080000000, 0x0000000100000000)
  region size 1024K, 83 young (84992K), 7 survivors (7168K)
 Metaspace       used 138925K, committed 141312K, reserved 1179648K
  class space    used 19732K, committed 20928K, reserved 1048576K
}
Event: 147.312 GC heap after
{Heap after GC invocations=61 (full 0):
 garbage-first heap   total 254976K, used 161569K [0x0000000080000000, 0x0000000100000000)
  region size 1024K, 11 young (11264K), 11 survivors (11264K)
 Metaspace       used 138925K, committed 141312K, reserved 1179648K
  class space    used 19732K, committed 20928K, reserved 1048576K
}
Event: 148.004 GC heap before
{Heap before GC invocations=61 (full 0):
 garbage-first heap   total 254976K, used 229153K [0x0000000080000000, 0x0000000100000000)
  region size 1024K, 78 young (79872K), 11 survivors (11264K)
 Metaspace       used 142832K, committed 145216K, reserved 1179648K
  class space    used 20464K, committed 21632K, reserved 1048576K
}
Event: 148.024 GC heap after
{Heap after GC invocations=62 (full 0):
 garbage-first heap   total 254976K, used 171407K [0x0000000080000000, 0x0000000100000000)
  region size 1024K, 10 young (10240K), 10 survivors (10240K)
 Metaspace       used 142832K, committed 145216K, reserved 1179648K
  class space    used 20464K, committed 21632K, reserved 1048576K
}
Event: 149.310 GC heap before
{Heap before GC invocations=63 (full 0):
 garbage-first heap   total 286720K, used 228751K [0x0000000080000000, 0x0000000100000000)
  region size 1024K, 67 young (68608K), 10 survivors (10240K)
 Metaspace       used 144872K, committed 147328K, reserved 1179648K
  class space    used 20740K, committed 21952K, reserved 1048576K
}
Event: 149.323 GC heap after
{Heap after GC invocations=64 (full 0):
 garbage-first heap   total 286720K, used 174735K [0x0000000080000000, 0x0000000100000000)
  region size 1024K, 4 young (4096K), 4 survivors (4096K)
 Metaspace       used 144872K, committed 147328K, reserved 1179648K
  class space    used 20740K, committed 21952K, reserved 1048576K
}
Event: 149.852 GC heap before
{Heap before GC invocations=64 (full 0):
 garbage-first heap   total 286720K, used 262799K [0x0000000080000000, 0x0000000100000000)
  region size 1024K, 91 young (93184K), 4 survivors (4096K)
 Metaspace       used 145691K, committed 148096K, reserved 1179648K
  class space    used 20792K, committed 21952K, reserved 1048576K
}
Event: 149.861 GC heap after
{Heap after GC invocations=65 (full 0):
 garbage-first heap   total 286720K, used 177787K [0x0000000080000000, 0x0000000100000000)
  region size 1024K, 6 young (6144K), 6 survivors (6144K)
 Metaspace       used 145691K, committed 148096K, reserved 1179648K
  class space    used 20792K, committed 21952K, reserved 1048576K
}

