# JRE version: OpenJDK Runtime Environment (21.0.8) (build 21.0.8+-14196175-b1038.72)
# Java VM: OpenJDK 64-Bit Server VM (21.0.8+-14196175-b1038.72, mixed mode, tiered, compressed oops, compressed class ptrs, g1 gc, windows-amd64)
GC Precious Log:
 CardTable entry size: 512
 Card Set container configuration: InlinePtr #cards 5 size 8 Array Of Cards #cards 12 size 40 Howl #buckets 4 coarsen threshold 1843 Howl Bitmap #cards 512 size 80 coarsen threshold 460 Card regions per heap region 1 cards per card region 2048
 CPUs: 12 total, 12 available
 Memory: 7521M
 Large Page Support: Disabled
 NUMA Support: Disabled
 Compressed Oops: Enabled (32-bit)
 Heap Region Size: 1M
 Heap Min Capacity: 8M
 Heap Initial Capacity: 118M
 Heap Max Capacity: 1G
 Pre-touch: Disabled
 Parallel Workers: 10
 Concurrent Workers: 3
 Concurrent Refinement Workers: 10
 Periodic GC: Disabled
Heap:
 garbage-first heap   total 367616K, used 220244K [0x00000000c0000000, 0x0000000100000000)
  region size 1024K, 8 young (8192K), 8 survivors (8192K)
 Metaspace       used 150616K, committed 152960K, reserved 1179648K
  class space    used 21608K, committed 22720K, reserved 1048576K
GC Heap History (20 events):
Event: 136.359 GC heap after
{Heap after GC invocations=72 (full 0):
 garbage-first heap   total 301056K, used 201158K [0x00000000c0000000, 0x0000000100000000)
  region size 1024K, 11 young (11264K), 11 survivors (11264K)
 Metaspace       used 143514K, committed 145856K, reserved 1179648K
  class space    used 20573K, committed 21696K, reserved 1048576K
}
Event: 136.807 GC heap before
{Heap before GC invocations=72 (full 0):
 garbage-first heap   total 301056K, used 271814K [0x00000000c0000000, 0x0000000100000000)
  region size 1024K, 81 young (82944K), 11 survivors (11264K)
 Metaspace       used 147336K, committed 149760K, reserved 1179648K
  class space    used 21317K, committed 22464K, reserved 1048576K
}
Event: 136.822 GC heap after
{Heap after GC invocations=73 (full 0):
 garbage-first heap   total 367616K, used 207238K [0x00000000c0000000, 0x0000000100000000)
  region size 1024K, 5 young (5120K), 5 survivors (5120K)
 Metaspace       used 147336K, committed 149760K, reserved 1179648K
  class space    used 21317K, committed 22464K, reserved 1048576K
}
Event: 138.071 GC heap before
{Heap before GC invocations=74 (full 0):
 garbage-first heap   total 367616K, used 321926K [0x00000000c0000000, 0x0000000100000000)
  region size 1024K, 119 young (121856K), 5 survivors (5120K)
 Metaspace       used 149117K, committed 151488K, reserved 1179648K
  class space    used 21543K, committed 22656K, reserved 1048576K
}
Event: 138.088 GC heap after
{Heap after GC invocations=75 (full 0):
 garbage-first heap   total 367616K, used 208301K [0x00000000c0000000, 0x0000000100000000)
  region size 1024K, 8 young (8192K), 8 survivors (8192K)
 Metaspace       used 149117K, committed 151488K, reserved 1179648K
  class space    used 21543K, committed 22656K, reserved 1048576K
}
Event: 138.555 GC heap before
{Heap before GC invocations=75 (full 0):
 garbage-first heap   total 367616K, used 338349K [0x00000000c0000000, 0x0000000100000000)
  region size 1024K, 136 young (139264K), 8 survivors (8192K)
 Metaspace       used 149333K, committed 151680K, reserved 1179648K
  class space    used 21553K, committed 22656K, reserved 1048576K
}
Event: 138.566 GC heap after
{Heap after GC invocations=76 (full 0):
 garbage-first heap   total 367616K, used 213430K [0x00000000c0000000, 0x0000000100000000)
  region size 1024K, 14 young (14336K), 14 survivors (14336K)
 Metaspace       used 149333K, committed 151680K, reserved 1179648K
  class space    used 21553K, committed 22656K, reserved 1048576K
}
Event: 138.926 GC heap before
{Heap before GC invocations=76 (full 0):
 garbage-first heap   total 367616K, used 332214K [0x00000000c0000000, 0x0000000100000000)
  region size 1024K, 130 young (133120K), 14 survivors (14336K)
 Metaspace       used 149694K, committed 152000K, reserved 1179648K
  class space    used 21555K, committed 22656K, reserved 1048576K
}
Event: 138.939 GC heap after
{Heap after GC invocations=77 (full 0):
 garbage-first heap   total 367616K, used 210771K [0x00000000c0000000, 0x0000000100000000)
  region size 1024K, 8 young (8192K), 8 survivors (8192K)
 Metaspace       used 149694K, committed 152000K, reserved 1179648K
  class space    used 21555K, committed 22656K, reserved 1048576K
}
Event: 139.202 GC heap before
{Heap before GC invocations=77 (full 0):
 garbage-first heap   total 367616K, used 338771K [0x00000000c0000000, 0x0000000100000000)
  region size 1024K, 134 young (137216K), 8 survivors (8192K)
 Metaspace       used 149916K, committed 152320K, reserved 1179648K
  class space    used 21557K, committed 22656K, reserved 1048576K
}
Event: 139.210 GC heap after
{Heap after GC invocations=78 (full 0):
 garbage-first heap   total 367616K, used 211062K [0x00000000c0000000, 0x0000000100000000)
  region size 1024K, 9 young (9216K), 9 survivors (9216K)
 Metaspace       used 149916K, committed 152320K, reserved 1179648K
  class space    used 21557K, committed 22656K, reserved 1048576K
}
Event: 139.781 GC heap before
{Heap before GC invocations=79 (full 0):
 garbage-first heap   total 367616K, used 334966K [0x00000000c0000000, 0x0000000100000000)
  region size 1024K, 133 young (136192K), 9 survivors (9216K)
 Metaspace       used 150185K, committed 152576K, reserved 1179648K
  class space    used 21601K, committed 22720K, reserved 1048576K
}
Event: 139.793 GC heap after
{Heap after GC invocations=80 (full 0):
 garbage-first heap   total 367616K, used 214997K [0x00000000c0000000, 0x0000000100000000)
  region size 1024K, 14 young (14336K), 14 survivors (14336K)
 Metaspace       used 150185K, committed 152576K, reserved 1179648K
  class space    used 21601K, committed 22720K, reserved 1048576K
}
Event: 140.068 GC heap before
{Heap before GC invocations=80 (full 0):
 garbage-first heap   total 367616K, used 332757K [0x00000000c0000000, 0x0000000100000000)
  region size 1024K, 130 young (133120K), 14 survivors (14336K)
 Metaspace       used 150205K, committed 152576K, reserved 1179648K
  class space    used 21601K, committed 22720K, reserved 1048576K
}
Event: 140.082 GC heap after
{Heap after GC invocations=81 (full 0):
 garbage-first heap   total 367616K, used 213416K [0x00000000c0000000, 0x0000000100000000)
  region size 1024K, 12 young (12288K), 12 survivors (12288K)
 Metaspace       used 150205K, committed 152576K, reserved 1179648K
  class space    used 21601K, committed 22720K, reserved 1048576K
}
Event: 140.374 GC heap before
{Heap before GC invocations=81 (full 0):
 garbage-first heap   total 367616K, used 335272K [0x00000000c0000000, 0x0000000100000000)
  region size 1024K, 131 young (134144K), 12 survivors (12288K)
 Metaspace       used 150356K, committed 152704K, reserved 1179648K
  class space    used 21601K, committed 22720K, reserved 1048576K
}
Event: 140.390 GC heap after
{Heap after GC invocations=82 (full 0):
 garbage-first heap   total 367616K, used 217408K [0x00000000c0000000, 0x0000000100000000)
  region size 1024K, 14 young (14336K), 14 survivors (14336K)
 Metaspace       used 150356K, committed 152704K, reserved 1179648K
  class space    used 21601K, committed 22720K, reserved 1048576K
}
Event: 140.775 GC heap before
{Heap before GC invocations=82 (full 0):
 garbage-first heap   total 367616K, used 331072K [0x00000000c0000000, 0x0000000100000000)
  region size 1024K, 126 young (129024K), 14 survivors (14336K)
 Metaspace       used 150535K, committed 152896K, reserved 1179648K
  class space    used 21601K, committed 22720K, reserved 1048576K
}
Event: 140.786 GC heap after
{Heap after GC invocations=83 (full 0):
 garbage-first heap   total 367616K, used 219291K [0x00000000c0000000, 0x0000000100000000)
  region size 1024K, 10 young (10240K), 10 survivors (10240K)
 Metaspace       used 150535K, committed 152896K, reserved 1179648K
  class space    used 21601K, committed 22720K, reserved 1048576K
}
Event: 141.010 GC heap before
{Heap before GC invocations=84 (full 0):
 garbage-first heap   total 367616K, used 336027K [0x00000000c0000000, 0x0000000100000000)
  region size 1024K, 125 young (128000K), 10 survivors (10240K)
 Metaspace       used 150616K, committed 152960K, reserved 1179648K
  class space    used 21608K, committed 22720K, reserved 1048576K
}

