# JRE version: OpenJDK Runtime Environment Temurin-21.0.10+7 (21.0.10+7) (build 21.0.10+7-LTS)
# Java VM: OpenJDK 64-Bit Server VM Temurin-21.0.10+7 (21.0.10+7-LTS, mixed mode, sharing, tiered, compressed oops, compressed class ptrs, g1 gc, windows-amd64)
GC Precious Log:
 CardTable entry size: 512
 Card Set container configuration: InlinePtr #cards 5 size 8 Array Of Cards #cards 12 size 40 Howl #buckets 4 coarsen threshold 1843 Howl Bitmap #cards 512 size 80 coarsen threshold 460 Card regions per heap region 1 cards per card region 2048
 CPUs: 12 total, 12 available
 Memory: 7521M
 Large Page Support: Disabled
 NUMA Support: Disabled
 Compressed Oops: Enabled (32-bit)
 Heap Region Size: 1M
 Heap Min Capacity: 8M
 Heap Initial Capacity: 118M
 Heap Max Capacity: 1G
 Pre-touch: Disabled
 Parallel Workers: 10
 Concurrent Workers: 3
 Concurrent Refinement Workers: 10
 Periodic GC: Disabled
Heap:
 garbage-first heap   total 138240K, used 88394K [0x00000000c0000000, 0x0000000100000000)
  region size 1024K, 5 young (5120K), 4 survivors (4096K)
 Metaspace       used 71425K, committed 73344K, reserved 1114112K
  class space    used 10181K, committed 11136K, reserved 1048576K
GC Heap History (20 events):
Event: 21.440 GC heap before
{Heap before GC invocations=23 (full 0):
 garbage-first heap   total 87040K, used 59679K [0x00000000c0000000, 0x0000000100000000)
  region size 1024K, 14 young (14336K), 4 survivors (4096K)
 Metaspace       used 55724K, committed 57408K, reserved 1114112K
  class space    used 8087K, committed 8896K, reserved 1048576K
}
Event: 21.444 GC heap after
{Heap after GC invocations=24 (full 0):
 garbage-first heap   total 87040K, used 51016K [0x00000000c0000000, 0x0000000100000000)
  region size 1024K, 2 young (2048K), 2 survivors (2048K)
 Metaspace       used 55724K, committed 57408K, reserved 1114112K
  class space    used 8087K, committed 8896K, reserved 1048576K
}
Event: 22.184 GC heap before
{Heap before GC invocations=25 (full 0):
 garbage-first heap   total 89088K, used 87880K [0x00000000c0000000, 0x0000000100000000)
  region size 1024K, 25 young (25600K), 2 survivors (2048K)
 Metaspace       used 56855K, committed 58624K, reserved 1114112K
  class space    used 8237K, committed 9088K, reserved 1048576K
}
Event: 22.191 GC heap after
{Heap after GC invocations=26 (full 0):
 garbage-first heap   total 98304K, used 71175K [0x00000000c0000000, 0x0000000100000000)
  region size 1024K, 4 young (4096K), 4 survivors (4096K)
 Metaspace       used 56855K, committed 58624K, reserved 1114112K
  class space    used 8237K, committed 9088K, reserved 1048576K
}
Event: 22.649 GC heap before
{Heap before GC invocations=26 (full 0):
 garbage-first heap   total 98304K, used 87559K [0x00000000c0000000, 0x0000000100000000)
  region size 1024K, 19 young (19456K), 4 survivors (4096K)
 Metaspace       used 58046K, committed 59776K, reserved 1114112K
  class space    used 8391K, committed 9216K, reserved 1048576K
}
Event: 22.654 GC heap after
{Heap after GC invocations=27 (full 0):
 garbage-first heap   total 98304K, used 72880K [0x00000000c0000000, 0x0000000100000000)
  region size 1024K, 1 young (1024K), 1 survivors (1024K)
 Metaspace       used 58046K, committed 59776K, reserved 1114112K
  class space    used 8391K, committed 9216K, reserved 1048576K
}
Event: 24.188 GC heap before
{Heap before GC invocations=27 (full 0):
 garbage-first heap   total 98304K, used 87216K [0x00000000c0000000, 0x0000000100000000)
  region size 1024K, 16 young (16384K), 1 survivors (1024K)
 Metaspace       used 59415K, committed 61184K, reserved 1114112K
  class space    used 8553K, committed 9408K, reserved 1048576K
}
Event: 24.193 GC heap after
{Heap after GC invocations=28 (full 0):
 garbage-first heap   total 98304K, used 73807K [0x00000000c0000000, 0x0000000100000000)
  region size 1024K, 2 young (2048K), 2 survivors (2048K)
 Metaspace       used 59415K, committed 61184K, reserved 1114112K
  class space    used 8553K, committed 9408K, reserved 1048576K
}
Event: 24.837 GC heap before
{Heap before GC invocations=29 (full 0):
 garbage-first heap   total 124928K, used 88143K [0x00000000c0000000, 0x0000000100000000)
  region size 1024K, 17 young (17408K), 2 survivors (2048K)
 Metaspace       used 60959K, committed 62848K, reserved 1114112K
  class space    used 8721K, committed 9664K, reserved 1048576K
}
Event: 24.841 GC heap after
{Heap after GC invocations=30 (full 0):
 garbage-first heap   total 124928K, used 73958K [0x00000000c0000000, 0x0000000100000000)
  region size 1024K, 2 young (2048K), 2 survivors (2048K)
 Metaspace       used 60959K, committed 62848K, reserved 1114112K
  class space    used 8721K, committed 9664K, reserved 1048576K
}
Event: 26.932 GC heap before
{Heap before GC invocations=30 (full 0):
 garbage-first heap   total 124928K, used 107750K [0x00000000c0000000, 0x0000000100000000)
  region size 1024K, 35 young (35840K), 2 survivors (2048K)
 Metaspace       used 64666K, committed 66624K, reserved 1114112K
  class space    used 9262K, committed 10240K, reserved 1048576K
}
Event: 26.940 GC heap after
{Heap after GC invocations=31 (full 0):
 garbage-first heap   total 124928K, used 77462K [0x00000000c0000000, 0x0000000100000000)
  region size 1024K, 5 young (5120K), 5 survivors (5120K)
 Metaspace       used 64666K, committed 66624K, reserved 1114112K
  class space    used 9262K, committed 10240K, reserved 1048576K
}
Event: 26.961 GC heap before
{Heap before GC invocations=31 (full 0):
 garbage-first heap   total 124928K, used 79510K [0x00000000c0000000, 0x0000000100000000)
  region size 1024K, 8 young (8192K), 5 survivors (5120K)
 Metaspace       used 64666K, committed 66624K, reserved 1114112K
  class space    used 9262K, committed 10240K, reserved 1048576K
}
Event: 26.968 GC heap after
{Heap after GC invocations=32 (full 0):
 garbage-first heap   total 124928K, used 79334K [0x00000000c0000000, 0x0000000100000000)
  region size 1024K, 2 young (2048K), 2 survivors (2048K)
 Metaspace       used 64666K, committed 66624K, reserved 1114112K
  class space    used 9262K, committed 10240K, reserved 1048576K
}
Event: 28.159 GC heap before
{Heap before GC invocations=33 (full 0):
 garbage-first heap   total 138240K, used 106982K [0x00000000c0000000, 0x0000000100000000)
  region size 1024K, 25 young (25600K), 2 survivors (2048K)
 Metaspace       used 65845K, committed 67776K, reserved 1114112K
  class space    used 9433K, committed 10368K, reserved 1048576K
}
Event: 28.165 GC heap after
{Heap after GC invocations=34 (full 0):
 garbage-first heap   total 138240K, used 81934K [0x00000000c0000000, 0x0000000100000000)
  region size 1024K, 3 young (3072K), 3 survivors (3072K)
 Metaspace       used 65845K, committed 67776K, reserved 1114112K
  class space    used 9433K, committed 10368K, reserved 1048576K
}
Event: 29.056 GC heap before
{Heap before GC invocations=34 (full 0):
 garbage-first heap   total 138240K, used 113678K [0x00000000c0000000, 0x0000000100000000)
  region size 1024K, 34 young (34816K), 3 survivors (3072K)
 Metaspace       used 68139K, committed 70080K, reserved 1114112K
  class space    used 9731K, committed 10688K, reserved 1048576K
}
Event: 29.061 GC heap after
{Heap after GC invocations=35 (full 0):
 garbage-first heap   total 138240K, used 83684K [0x00000000c0000000, 0x0000000100000000)
  region size 1024K, 5 young (5120K), 5 survivors (5120K)
 Metaspace       used 68139K, committed 70080K, reserved 1114112K
  class space    used 9731K, committed 10688K, reserved 1048576K
}
Event: 30.882 GC heap before
{Heap before GC invocations=35 (full 0):
 garbage-first heap   total 138240K, used 114404K [0x00000000c0000000, 0x0000000100000000)
  region size 1024K, 36 young (36864K), 5 survivors (5120K)
 Metaspace       used 71425K, committed 73344K, reserved 1114112K
  class space    used 10181K, committed 11136K, reserved 1048576K
}
Event: 30.891 GC heap after
{Heap after GC invocations=36 (full 0):
 garbage-first heap   total 138240K, used 85322K [0x00000000c0000000, 0x0000000100000000)
  region size 1024K, 4 young (4096K), 4 survivors (4096K)
 Metaspace       used 71425K, committed 73344K, reserved 1114112K
  class space    used 10181K, committed 11136K, reserved 1048576K
}

