# JRE version: Java(TM) SE Runtime Environment (24.0.1+9) (build 24.0.1+9-30)
# Java VM: Java HotSpot(TM) 64-Bit Server VM (24.0.1+9-30, mixed mode, sharing, tiered, compressed oops, compressed class ptrs, g1 gc, windows-amd64)
GC Precious Log:
 CardTable entry size: 512
 Card Set container configuration: InlinePtr #cards 5 size 8 Array Of Cards #cards 10 size 36 Howl #buckets 4 coarsen threshold 1843 Howl Bitmap #cards 512 size 80 coarsen threshold 460 Card regions per heap region 1 cards per card region 2048
 CPUs: 12 total, 12 available
 Memory: 7521M
 Large Page Support: Disabled
 NUMA Support: Disabled
 Compressed Oops: Enabled (32-bit)
 Heap Region Size: 1M
 Heap Min Capacity: 8M
 Heap Initial Capacity: 118M
 Heap Max Capacity: 2G
 Pre-touch: Disabled
 Parallel Workers: 10
 Concurrent Workers: 3
 Concurrent Refinement Workers: 10
 Periodic GC: Disabled
Heap:
 garbage-first heap   total reserved 2097152K, committed 346112K, used 300904K [0x0000000080000000, 0x0000000100000000)
  region size 1024K, 12 young (12288K), 1 survivors (1024K)
 Metaspace       used 111887K, committed 114176K, reserved 1179648K
  class space    used 12425K, committed 13504K, reserved 1048576K
GC Heap History (20 events):
Event: 453.196 GC heap before
{Heap before GC invocations=46 (full 0):
 garbage-first heap   total reserved 2097152K, committed 189440K, used 169813K [0x0000000080000000, 0x0000000100000000)
  region size 1024K, 60 young (61440K), 8 survivors (8192K)
 Metaspace       used 99725K, committed 101888K, reserved 1179648K
  class space    used 11176K, committed 12224K, reserved 1048576K
}
Event: 453.216 GC heap after
{Heap after GC invocations=47 (full 0):
 garbage-first heap   total reserved 2097152K, committed 192512K, used 130849K [0x0000000080000000, 0x0000000100000000)
  region size 1024K, 8 young (8192K), 8 survivors (8192K)
 Metaspace       used 99725K, committed 101888K, reserved 1179648K
  class space    used 11176K, committed 12224K, reserved 1048576K
}
Event: 454.751 GC heap before
{Heap before GC invocations=48 (full 0):
 garbage-first heap   total reserved 2097152K, committed 219136K, used 184097K [0x0000000080000000, 0x0000000100000000)
  region size 1024K, 48 young (49152K), 8 survivors (8192K)
 Metaspace       used 100355K, committed 102528K, reserved 1179648K
  class space    used 11218K, committed 12224K, reserved 1048576K
}
Event: 454.761 GC heap after
{Heap after GC invocations=49 (full 0):
 garbage-first heap   total reserved 2097152K, committed 219136K, used 137161K [0x0000000080000000, 0x0000000100000000)
  region size 1024K, 6 young (6144K), 6 survivors (6144K)
 Metaspace       used 100355K, committed 102528K, reserved 1179648K
  class space    used 11218K, committed 12224K, reserved 1048576K
}
Event: 455.601 GC heap before
{Heap before GC invocations=49 (full 0):
 garbage-first heap   total reserved 2097152K, committed 219136K, used 193481K [0x0000000080000000, 0x0000000100000000)
  region size 1024K, 62 young (63488K), 6 survivors (6144K)
 Metaspace       used 103514K, committed 105728K, reserved 1179648K
  class space    used 11506K, committed 12544K, reserved 1048576K
}
Event: 455.610 GC heap after
{Heap after GC invocations=50 (full 0):
 garbage-first heap   total reserved 2097152K, committed 219136K, used 140798K [0x0000000080000000, 0x0000000100000000)
  region size 1024K, 5 young (5120K), 5 survivors (5120K)
 Metaspace       used 103514K, committed 105728K, reserved 1179648K
  class space    used 11506K, committed 12544K, reserved 1048576K
}
Event: 455.794 GC heap before
{Heap before GC invocations=50 (full 0):
 garbage-first heap   total reserved 2097152K, committed 219136K, used 175614K [0x0000000080000000, 0x0000000100000000)
  region size 1024K, 40 young (40960K), 5 survivors (5120K)
 Metaspace       used 104182K, committed 106432K, reserved 1179648K
  class space    used 11566K, committed 12672K, reserved 1048576K
}
Event: 455.800 GC heap after
{Heap after GC invocations=51 (full 0):
 garbage-first heap   total reserved 2097152K, committed 219136K, used 140043K [0x0000000080000000, 0x0000000100000000)
  region size 1024K, 1 young (1024K), 1 survivors (1024K)
 Metaspace       used 104182K, committed 106432K, reserved 1179648K
  class space    used 11566K, committed 12672K, reserved 1048576K
}
Event: 457.571 GC heap before
{Heap before GC invocations=52 (full 0):
 garbage-first heap   total reserved 2097152K, committed 250880K, used 209675K [0x0000000080000000, 0x0000000100000000)
  region size 1024K, 60 young (61440K), 1 survivors (1024K)
 Metaspace       used 105720K, committed 107968K, reserved 1179648K
  class space    used 11732K, committed 12800K, reserved 1048576K
}
Event: 457.577 GC heap after
{Heap after GC invocations=53 (full 0):
 garbage-first heap   total reserved 2097152K, committed 250880K, used 143029K [0x0000000080000000, 0x0000000100000000)
  region size 1024K, 4 young (4096K), 4 survivors (4096K)
 Metaspace       used 105720K, committed 107968K, reserved 1179648K
  class space    used 11732K, committed 12800K, reserved 1048576K
}
Event: 458.910 GC heap before
{Heap before GC invocations=53 (full 0):
 garbage-first heap   total reserved 2097152K, committed 250880K, used 226997K [0x0000000080000000, 0x0000000100000000)
  region size 1024K, 87 young (89088K), 4 survivors (4096K)
 Metaspace       used 106528K, committed 108736K, reserved 1179648K
  class space    used 11831K, committed 12864K, reserved 1048576K
}
Event: 458.920 GC heap after
{Heap after GC invocations=54 (full 0):
 garbage-first heap   total reserved 2097152K, committed 250880K, used 135237K [0x0000000080000000, 0x0000000100000000)
  region size 1024K, 11 young (11264K), 11 survivors (11264K)
 Metaspace       used 106528K, committed 108736K, reserved 1179648K
  class space    used 11831K, committed 12864K, reserved 1048576K
}
Event: 459.798 GC heap before
{Heap before GC invocations=54 (full 0):
 garbage-first heap   total reserved 2097152K, committed 250880K, used 201797K [0x0000000080000000, 0x0000000100000000)
  region size 1024K, 78 young (79872K), 11 survivors (11264K)
 Metaspace       used 107776K, committed 110080K, reserved 1179648K
  class space    used 11973K, committed 13056K, reserved 1048576K
}
Event: 459.808 GC heap after
{Heap after GC invocations=55 (full 0):
 garbage-first heap   total reserved 2097152K, committed 250880K, used 135894K [0x0000000080000000, 0x0000000100000000)
  region size 1024K, 6 young (6144K), 6 survivors (6144K)
 Metaspace       used 107776K, committed 110080K, reserved 1179648K
  class space    used 11973K, committed 13056K, reserved 1048576K
}
Event: 461.631 GC heap before
{Heap before GC invocations=56 (full 0):
 garbage-first heap   total reserved 2097152K, committed 288768K, used 273110K [0x0000000080000000, 0x0000000100000000)
  region size 1024K, 85 young (87040K), 6 survivors (6144K)
 Metaspace       used 111267K, committed 113536K, reserved 1179648K
  class space    used 12343K, committed 13376K, reserved 1048576K
}
Event: 461.640 GC heap after
{Heap after GC invocations=57 (full 0):
 garbage-first heap   total reserved 2097152K, committed 289792K, used 202429K [0x0000000080000000, 0x0000000100000000)
  region size 1024K, 11 young (11264K), 11 survivors (11264K)
 Metaspace       used 111267K, committed 113536K, reserved 1179648K
  class space    used 12343K, committed 13376K, reserved 1048576K
}
Event: 461.790 GC heap before
{Heap before GC invocations=57 (full 0):
 garbage-first heap   total reserved 2097152K, committed 322560K, used 321213K [0x0000000080000000, 0x0000000100000000)
  region size 1024K, 31 young (31744K), 11 survivors (11264K)
 Metaspace       used 111685K, committed 113920K, reserved 1179648K
  class space    used 12398K, committed 13440K, reserved 1048576K
}
Event: 461.802 GC heap after
{Heap after GC invocations=58 (full 0):
 garbage-first heap   total reserved 2097152K, committed 346112K, used 251519K [0x0000000080000000, 0x0000000100000000)
  region size 1024K, 8 young (8192K), 8 survivors (8192K)
 Metaspace       used 111685K, committed 113920K, reserved 1179648K
  class space    used 12398K, committed 13440K, reserved 1048576K
}
Event: 461.803 GC heap before
{Heap before GC invocations=58 (full 0):
 garbage-first heap   total reserved 2097152K, committed 346112K, used 251519K [0x0000000080000000, 0x0000000100000000)
  region size 1024K, 9 young (9216K), 8 survivors (8192K)
 Metaspace       used 111685K, committed 113920K, reserved 1179648K
  class space    used 12398K, committed 13440K, reserved 1048576K
}
Event: 461.807 GC heap after
{Heap after GC invocations=59 (full 0):
 garbage-first heap   total reserved 2097152K, committed 346112K, used 251752K [0x0000000080000000, 0x0000000100000000)
  region size 1024K, 1 young (1024K), 1 survivors (1024K)
 Metaspace       used 111685K, committed 113920K, reserved 1179648K
  class space    used 12398K, committed 13440K, reserved 1048576K
}

