# JRE version: OpenJDK Runtime Environment (21.0.8) (build 21.0.8+-14196175-b1038.72)
# Java VM: OpenJDK 64-Bit Server VM (21.0.8+-14196175-b1038.72, mixed mode, tiered, compressed oops, compressed class ptrs, g1 gc, windows-amd64)
GC Precious Log:
 CardTable entry size: 512
 Card Set container configuration: InlinePtr #cards 5 size 8 Array Of Cards #cards 12 size 40 Howl #buckets 4 coarsen threshold 1843 Howl Bitmap #cards 512 size 80 coarsen threshold 460 Card regions per heap region 1 cards per card region 2048
 CPUs: 12 total, 12 available
 Memory: 7521M
 Large Page Support: Disabled
 NUMA Support: Disabled
 Compressed Oops: Enabled (32-bit)
 Heap Region Size: 1M
 Heap Min Capacity: 8M
 Heap Initial Capacity: 118M
 Heap Max Capacity: 1G
 Pre-touch: Disabled
 Parallel Workers: 10
 Concurrent Workers: 3
 Concurrent Refinement Workers: 10
 Periodic GC: Disabled
Heap:
 garbage-first heap   total 113664K, used 62286K [0x00000000c0000000, 0x0000000100000000)
  region size 1024K, 5 young (5120K), 1 survivors (1024K)
 Metaspace       used 72870K, committed 74560K, reserved 1114112K
  class space    used 10261K, committed 11072K, reserved 1048576K
GC Heap History (20 events):
Event: 4.498 GC heap before
{Heap before GC invocations=14 (full 0):
 garbage-first heap   total 86016K, used 74113K [0x00000000c0000000, 0x0000000100000000)
  region size 1024K, 43 young (44032K), 3 survivors (3072K)
 Metaspace       used 54220K, committed 55616K, reserved 1114112K
  class space    used 7576K, committed 8256K, reserved 1048576K
}
Event: 4.502 GC heap after
{Heap after GC invocations=15 (full 0):
 garbage-first heap   total 86016K, used 36338K [0x00000000c0000000, 0x0000000100000000)
  region size 1024K, 6 young (6144K), 6 survivors (6144K)
 Metaspace       used 54220K, committed 55616K, reserved 1114112K
  class space    used 7576K, committed 8256K, reserved 1048576K
}
Event: 4.716 GC heap before
{Heap before GC invocations=15 (full 0):
 garbage-first heap   total 86016K, used 54770K [0x00000000c0000000, 0x0000000100000000)
  region size 1024K, 25 young (25600K), 6 survivors (6144K)
 Metaspace       used 55793K, committed 57216K, reserved 1114112K
  class space    used 7862K, committed 8512K, reserved 1048576K
}
Event: 4.720 GC heap after
{Heap after GC invocations=16 (full 0):
 garbage-first heap   total 86016K, used 39989K [0x00000000c0000000, 0x0000000100000000)
  region size 1024K, 6 young (6144K), 6 survivors (6144K)
 Metaspace       used 55793K, committed 57216K, reserved 1114112K
  class space    used 7862K, committed 8512K, reserved 1048576K
}
Event: 4.972 GC heap before
{Heap before GC invocations=17 (full 0):
 garbage-first heap   total 86016K, used 76853K [0x00000000c0000000, 0x0000000100000000)
  region size 1024K, 39 young (39936K), 6 survivors (6144K)
 Metaspace       used 57877K, committed 59392K, reserved 1114112K
  class space    used 8057K, committed 8768K, reserved 1048576K
}
Event: 4.977 GC heap after
{Heap after GC invocations=18 (full 0):
 garbage-first heap   total 87040K, used 43744K [0x00000000c0000000, 0x0000000100000000)
  region size 1024K, 3 young (3072K), 3 survivors (3072K)
 Metaspace       used 57877K, committed 59392K, reserved 1114112K
  class space    used 8057K, committed 8768K, reserved 1048576K
}
Event: 5.300 GC heap before
{Heap before GC invocations=18 (full 0):
 garbage-first heap   total 87040K, used 76512K [0x00000000c0000000, 0x0000000100000000)
  region size 1024K, 35 young (35840K), 3 survivors (3072K)
 Metaspace       used 61495K, committed 63040K, reserved 1114112K
  class space    used 8592K, committed 9280K, reserved 1048576K
}
Event: 5.303 GC heap after
{Heap after GC invocations=19 (full 0):
 garbage-first heap   total 87040K, used 45753K [0x00000000c0000000, 0x0000000100000000)
  region size 1024K, 5 young (5120K), 5 survivors (5120K)
 Metaspace       used 61495K, committed 63040K, reserved 1114112K
  class space    used 8592K, committed 9280K, reserved 1048576K
}
Event: 5.646 GC heap before
{Heap before GC invocations=19 (full 0):
 garbage-first heap   total 87040K, used 75449K [0x00000000c0000000, 0x0000000100000000)
  region size 1024K, 34 young (34816K), 5 survivors (5120K)
 Metaspace       used 65490K, committed 67072K, reserved 1114112K
  class space    used 9180K, committed 9920K, reserved 1048576K
}
Event: 5.651 GC heap after
{Heap after GC invocations=20 (full 0):
 garbage-first heap   total 87040K, used 48023K [0x00000000c0000000, 0x0000000100000000)
  region size 1024K, 5 young (5120K), 5 survivors (5120K)
 Metaspace       used 65490K, committed 67072K, reserved 1114112K
  class space    used 9180K, committed 9920K, reserved 1048576K
}
Event: 5.967 GC heap before
{Heap before GC invocations=21 (full 0):
 garbage-first heap   total 87040K, used 76695K [0x00000000c0000000, 0x0000000100000000)
  region size 1024K, 33 young (33792K), 5 survivors (5120K)
 Metaspace       used 69053K, committed 70720K, reserved 1114112K
  class space    used 9773K, committed 10560K, reserved 1048576K
}
Event: 5.970 GC heap after
{Heap after GC invocations=22 (full 0):
 garbage-first heap   total 87040K, used 49334K [0x00000000c0000000, 0x0000000100000000)
  region size 1024K, 2 young (2048K), 2 survivors (2048K)
 Metaspace       used 69053K, committed 70720K, reserved 1114112K
  class space    used 9773K, committed 10560K, reserved 1048576K
}
Event: 6.423 GC heap before
{Heap before GC invocations=22 (full 0):
 garbage-first heap   total 87040K, used 78006K [0x00000000c0000000, 0x0000000100000000)
  region size 1024K, 31 young (31744K), 2 survivors (2048K)
 Metaspace       used 71977K, committed 73664K, reserved 1114112K
  class space    used 10229K, committed 11008K, reserved 1048576K
}
Event: 6.427 GC heap after
{Heap after GC invocations=23 (full 0):
 garbage-first heap   total 87040K, used 51345K [0x00000000c0000000, 0x0000000100000000)
  region size 1024K, 4 young (4096K), 4 survivors (4096K)
 Metaspace       used 71977K, committed 73664K, reserved 1114112K
  class space    used 10229K, committed 11008K, reserved 1048576K
}
Event: 6.645 GC heap before
{Heap before GC invocations=23 (full 0):
 garbage-first heap   total 87040K, used 75921K [0x00000000c0000000, 0x0000000100000000)
  region size 1024K, 29 young (29696K), 4 survivors (4096K)
 Metaspace       used 72481K, committed 74176K, reserved 1114112K
  class space    used 10261K, committed 11072K, reserved 1048576K
}
Event: 6.649 GC heap after
{Heap after GC invocations=24 (full 0):
 garbage-first heap   total 87040K, used 56207K [0x00000000c0000000, 0x0000000100000000)
  region size 1024K, 4 young (4096K), 4 survivors (4096K)
 Metaspace       used 72481K, committed 74176K, reserved 1114112K
  class space    used 10261K, committed 11072K, reserved 1048576K
}
Event: 6.727 GC heap before
{Heap before GC invocations=25 (full 0):
 garbage-first heap   total 94208K, used 76687K [0x00000000c0000000, 0x0000000100000000)
  region size 1024K, 24 young (24576K), 4 survivors (4096K)
 Metaspace       used 72590K, committed 74304K, reserved 1114112K
  class space    used 10261K, committed 11072K, reserved 1048576K
}
Event: 6.729 GC heap after
{Heap after GC invocations=26 (full 0):
 garbage-first heap   total 94208K, used 57420K [0x00000000c0000000, 0x0000000100000000)
  region size 1024K, 3 young (3072K), 3 survivors (3072K)
 Metaspace       used 72590K, committed 74304K, reserved 1114112K
  class space    used 10261K, committed 11072K, reserved 1048576K
}
Event: 6.797 GC heap before
{Heap before GC invocations=26 (full 0):
 garbage-first heap   total 94208K, used 81996K [0x00000000c0000000, 0x0000000100000000)
  region size 1024K, 28 young (28672K), 3 survivors (3072K)
 Metaspace       used 72710K, committed 74432K, reserved 1114112K
  class space    used 10261K, committed 11072K, reserved 1048576K
}
Event: 6.800 GC heap after
{Heap after GC invocations=27 (full 0):
 garbage-first heap   total 113664K, used 56976K [0x00000000c0000000, 0x0000000100000000)
  region size 1024K, 4 young (4096K), 4 survivors (4096K)
 Metaspace       used 72710K, committed 74432K, reserved 1114112K
  class space    used 10261K, committed 11072K, reserved 1048576K
}

