# JRE version: OpenJDK Runtime Environment (21.0.8) (build 21.0.8+-14196175-b1038.72)
# Java VM: OpenJDK 64-Bit Server VM (21.0.8+-14196175-b1038.72, mixed mode, tiered, compressed oops, compressed class ptrs, g1 gc, windows-amd64)
GC Precious Log:
 CardTable entry size: 512
 Card Set container configuration: InlinePtr #cards 5 size 8 Array Of Cards #cards 12 size 40 Howl #buckets 4 coarsen threshold 1843 Howl Bitmap #cards 512 size 80 coarsen threshold 460 Card regions per heap region 1 cards per card region 2048
 CPUs: 12 total, 12 available
 Memory: 7521M
 Large Page Support: Disabled
 NUMA Support: Disabled
 Compressed Oops: Enabled (32-bit)
 Heap Region Size: 1M
 Heap Min Capacity: 8M
 Heap Initial Capacity: 118M
 Heap Max Capacity: 2G
 Pre-touch: Disabled
 Parallel Workers: 10
 Concurrent Workers: 3
 Concurrent Refinement Workers: 10
 Periodic GC: Disabled
Heap:
 garbage-first heap   total 333824K, used 316406K [0x0000000080000000, 0x0000000100000000)
  region size 1024K, 19 young (19456K), 2 survivors (2048K)
 Metaspace       used 126046K, committed 128256K, reserved 1179648K
  class space    used 17706K, committed 18752K, reserved 1048576K
GC Heap History (20 events):
Event: 20.183 GC heap before
{Heap before GC invocations=49 (full 0):
 garbage-first heap   total 219136K, used 164820K [0x0000000080000000, 0x0000000100000000)
  region size 1024K, 41 young (41984K), 6 survivors (6144K)
 Metaspace       used 116552K, committed 118784K, reserved 1179648K
  class space    used 16518K, committed 17600K, reserved 1048576K
}
Event: 20.187 GC heap after
{Heap after GC invocations=50 (full 0):
 garbage-first heap   total 219136K, used 130897K [0x0000000080000000, 0x0000000100000000)
  region size 1024K, 4 young (4096K), 4 survivors (4096K)
 Metaspace       used 116552K, committed 118784K, reserved 1179648K
  class space    used 16518K, committed 17600K, reserved 1048576K
}
Event: 20.602 GC heap before
{Heap before GC invocations=50 (full 0):
 garbage-first heap   total 219136K, used 197457K [0x0000000080000000, 0x0000000100000000)
  region size 1024K, 70 young (71680K), 4 survivors (4096K)
 Metaspace       used 117049K, committed 119296K, reserved 1179648K
  class space    used 16603K, committed 17664K, reserved 1048576K
}
Event: 20.606 GC heap after
{Heap after GC invocations=51 (full 0):
 garbage-first heap   total 219136K, used 131937K [0x0000000080000000, 0x0000000100000000)
  region size 1024K, 7 young (7168K), 7 survivors (7168K)
 Metaspace       used 117049K, committed 119296K, reserved 1179648K
  class space    used 16603K, committed 17664K, reserved 1048576K
}
Event: 20.633 GC heap before
{Heap before GC invocations=51 (full 0):
 garbage-first heap   total 219136K, used 139105K [0x0000000080000000, 0x0000000100000000)
  region size 1024K, 15 young (15360K), 7 survivors (7168K)
 Metaspace       used 117141K, committed 119360K, reserved 1179648K
  class space    used 16617K, committed 17664K, reserved 1048576K
}
Event: 20.637 GC heap after
{Heap after GC invocations=52 (full 0):
 garbage-first heap   total 219136K, used 133319K [0x0000000080000000, 0x0000000100000000)
  region size 1024K, 3 young (3072K), 3 survivors (3072K)
 Metaspace       used 117141K, committed 119360K, reserved 1179648K
  class space    used 16617K, committed 17664K, reserved 1048576K
}
Event: 21.477 GC heap before
{Heap before GC invocations=53 (full 0):
 garbage-first heap   total 232448K, used 193735K [0x0000000080000000, 0x0000000100000000)
  region size 1024K, 58 young (59392K), 3 survivors (3072K)
 Metaspace       used 120921K, committed 123136K, reserved 1179648K
  class space    used 16976K, committed 18048K, reserved 1048576K
}
Event: 21.484 GC heap after
{Heap after GC invocations=54 (full 0):
 garbage-first heap   total 232448K, used 136993K [0x0000000080000000, 0x0000000100000000)
  region size 1024K, 7 young (7168K), 7 survivors (7168K)
 Metaspace       used 120921K, committed 123136K, reserved 1179648K
  class space    used 16976K, committed 18048K, reserved 1048576K
}
Event: 21.759 GC heap before
{Heap before GC invocations=54 (full 0):
 garbage-first heap   total 232448K, used 200481K [0x0000000080000000, 0x0000000100000000)
  region size 1024K, 70 young (71680K), 7 survivors (7168K)
 Metaspace       used 120981K, committed 123200K, reserved 1179648K
  class space    used 16984K, committed 18048K, reserved 1048576K
}
Event: 21.767 GC heap after
{Heap after GC invocations=55 (full 0):
 garbage-first heap   total 232448K, used 137427K [0x0000000080000000, 0x0000000100000000)
  region size 1024K, 4 young (4096K), 4 survivors (4096K)
 Metaspace       used 120981K, committed 123200K, reserved 1179648K
  class space    used 16984K, committed 18048K, reserved 1048576K
}
Event: 21.948 GC heap before
{Heap before GC invocations=55 (full 0):
 garbage-first heap   total 232448K, used 170195K [0x0000000080000000, 0x0000000100000000)
  region size 1024K, 38 young (38912K), 4 survivors (4096K)
 Metaspace       used 121410K, committed 123648K, reserved 1179648K
  class space    used 17042K, committed 18112K, reserved 1048576K
}
Event: 21.952 GC heap after
{Heap after GC invocations=56 (full 0):
 garbage-first heap   total 279552K, used 138936K [0x0000000080000000, 0x0000000100000000)
  region size 1024K, 6 young (6144K), 6 survivors (6144K)
 Metaspace       used 121410K, committed 123648K, reserved 1179648K
  class space    used 17042K, committed 18112K, reserved 1048576K
}
Event: 21.966 GC heap before
{Heap before GC invocations=56 (full 0):
 garbage-first heap   total 279552K, used 144056K [0x0000000080000000, 0x0000000100000000)
  region size 1024K, 9 young (9216K), 6 survivors (6144K)
 Metaspace       used 121414K, committed 123648K, reserved 1179648K
  class space    used 17042K, committed 18112K, reserved 1048576K
}
Event: 21.970 GC heap after
{Heap after GC invocations=57 (full 0):
 garbage-first heap   total 279552K, used 144448K [0x0000000080000000, 0x0000000100000000)
  region size 1024K, 7 young (7168K), 7 survivors (7168K)
 Metaspace       used 121414K, committed 123648K, reserved 1179648K
  class space    used 17042K, committed 18112K, reserved 1048576K
}
Event: 22.792 GC heap before
{Heap before GC invocations=58 (full 0):
 garbage-first heap   total 302080K, used 281664K [0x0000000080000000, 0x0000000100000000)
  region size 1024K, 89 young (91136K), 7 survivors (7168K)
 Metaspace       used 125665K, committed 127872K, reserved 1179648K
  class space    used 17646K, committed 18688K, reserved 1048576K
}
Event: 22.801 GC heap after
{Heap after GC invocations=59 (full 0):
 garbage-first heap   total 302080K, used 207039K [0x0000000080000000, 0x0000000100000000)
  region size 1024K, 12 young (12288K), 12 survivors (12288K)
 Metaspace       used 125665K, committed 127872K, reserved 1179648K
  class space    used 17646K, committed 18688K, reserved 1048576K
}
Event: 22.850 GC heap before
{Heap before GC invocations=59 (full 0):
 garbage-first heap   total 311296K, used 309439K [0x0000000080000000, 0x0000000100000000)
  region size 1024K, 23 young (23552K), 12 survivors (12288K)
 Metaspace       used 125729K, committed 127936K, reserved 1179648K
  class space    used 17658K, committed 18752K, reserved 1048576K
}
Event: 22.859 GC heap after
{Heap after GC invocations=60 (full 0):
 garbage-first heap   total 333824K, used 253605K [0x0000000080000000, 0x0000000100000000)
  region size 1024K, 5 young (5120K), 5 survivors (5120K)
 Metaspace       used 125729K, committed 127936K, reserved 1179648K
  class space    used 17658K, committed 18752K, reserved 1048576K
}
Event: 22.860 GC heap before
{Heap before GC invocations=60 (full 0):
 garbage-first heap   total 333824K, used 253605K [0x0000000080000000, 0x0000000100000000)
  region size 1024K, 7 young (7168K), 5 survivors (5120K)
 Metaspace       used 125729K, committed 127936K, reserved 1179648K
  class space    used 17658K, committed 18752K, reserved 1048576K
}
Event: 22.863 GC heap after
{Heap after GC invocations=61 (full 0):
 garbage-first heap   total 333824K, used 254966K [0x0000000080000000, 0x0000000100000000)
  region size 1024K, 2 young (2048K), 2 survivors (2048K)
 Metaspace       used 125729K, committed 127936K, reserved 1179648K
  class space    used 17658K, committed 18752K, reserved 1048576K
}

