# JRE version: Java(TM) SE Runtime Environment (24.0.1+9) (build 24.0.1+9-30)
# Java VM: Java HotSpot(TM) 64-Bit Server VM (24.0.1+9-30, mixed mode, sharing, tiered, compressed oops, compressed class ptrs, g1 gc, windows-amd64)
GC Precious Log:
 CardTable entry size: 512
 Card Set container configuration: InlinePtr #cards 5 size 8 Array Of Cards #cards 10 size 36 Howl #buckets 4 coarsen threshold 1843 Howl Bitmap #cards 512 size 80 coarsen threshold 460 Card regions per heap region 1 cards per card region 2048
 CPUs: 12 total, 12 available
 Memory: 7521M
 Large Page Support: Disabled
 NUMA Support: Disabled
 Compressed Oops: Enabled (32-bit)
 Heap Region Size: 1M
 Heap Min Capacity: 8M
 Heap Initial Capacity: 118M
 Heap Max Capacity: 2G
 Pre-touch: Disabled
 Parallel Workers: 10
 Concurrent Workers: 3
 Concurrent Refinement Workers: 10
 Periodic GC: Disabled
Heap:
 garbage-first heap   total reserved 2097152K, committed 211968K, used 179672K [0x0000000080000000, 0x0000000100000000)
  region size 1024K, 60 young (61440K), 6 survivors (6144K)
 Metaspace       used 104027K, committed 106240K, reserved 1179648K
  class space    used 11675K, committed 12672K, reserved 1048576K
GC Heap History (20 events):
Event: 33.439 GC heap before
{Heap before GC invocations=36 (full 0):
 garbage-first heap   total reserved 2097152K, committed 171008K, used 154220K [0x0000000080000000, 0x0000000100000000)
  region size 1024K, 58 young (59392K), 5 survivors (5120K)
 Metaspace       used 88660K, committed 90816K, reserved 1179648K
  class space    used 9938K, committed 10944K, reserved 1048576K
}
Event: 33.448 GC heap after
{Heap after GC invocations=37 (full 0):
 garbage-first heap   total reserved 2097152K, committed 171008K, used 103824K [0x0000000080000000, 0x0000000100000000)
  region size 1024K, 7 young (7168K), 7 survivors (7168K)
 Metaspace       used 88660K, committed 90816K, reserved 1179648K
  class space    used 9938K, committed 10944K, reserved 1048576K
}
Event: 34.644 GC heap before
{Heap before GC invocations=38 (full 0):
 garbage-first heap   total reserved 2097152K, committed 176128K, used 151952K [0x0000000080000000, 0x0000000100000000)
  region size 1024K, 54 young (55296K), 7 survivors (7168K)
 Metaspace       used 91928K, committed 94080K, reserved 1179648K
  class space    used 10344K, committed 11328K, reserved 1048576K
}
Event: 34.655 GC heap after
{Heap after GC invocations=39 (full 0):
 garbage-first heap   total reserved 2097152K, committed 176128K, used 107500K [0x0000000080000000, 0x0000000100000000)
  region size 1024K, 3 young (3072K), 3 survivors (3072K)
 Metaspace       used 91928K, committed 94080K, reserved 1179648K
  class space    used 10344K, committed 11328K, reserved 1048576K
}
Event: 36.444 GC heap before
{Heap before GC invocations=39 (full 0):
 garbage-first heap   total reserved 2097152K, committed 176128K, used 160748K [0x0000000080000000, 0x0000000100000000)
  region size 1024K, 56 young (57344K), 3 survivors (3072K)
 Metaspace       used 95136K, committed 97344K, reserved 1179648K
  class space    used 10798K, committed 11840K, reserved 1048576K
}
Event: 36.456 GC heap after
{Heap after GC invocations=40 (full 0):
 garbage-first heap   total reserved 2097152K, committed 176128K, used 111290K [0x0000000080000000, 0x0000000100000000)
  region size 1024K, 7 young (7168K), 7 survivors (7168K)
 Metaspace       used 95136K, committed 97344K, reserved 1179648K
  class space    used 10798K, committed 11840K, reserved 1048576K
}
Event: 37.007 GC heap before
{Heap before GC invocations=40 (full 0):
 garbage-first heap   total reserved 2097152K, committed 176128K, used 157370K [0x0000000080000000, 0x0000000100000000)
  region size 1024K, 53 young (54272K), 7 survivors (7168K)
 Metaspace       used 95237K, committed 97472K, reserved 1179648K
  class space    used 10804K, committed 11840K, reserved 1048576K
}
Event: 37.018 GC heap after
{Heap after GC invocations=41 (full 0):
 garbage-first heap   total reserved 2097152K, committed 176128K, used 115531K [0x0000000080000000, 0x0000000100000000)
  region size 1024K, 4 young (4096K), 4 survivors (4096K)
 Metaspace       used 95237K, committed 97472K, reserved 1179648K
  class space    used 10804K, committed 11840K, reserved 1048576K
}
Event: 37.980 GC heap before
{Heap before GC invocations=42 (full 0):
 garbage-first heap   total reserved 2097152K, committed 193536K, used 160587K [0x0000000080000000, 0x0000000100000000)
  region size 1024K, 49 young (50176K), 4 survivors (4096K)
 Metaspace       used 95613K, committed 97856K, reserved 1179648K
  class space    used 10862K, committed 11904K, reserved 1048576K
}
Event: 37.986 GC heap after
{Heap after GC invocations=43 (full 0):
 garbage-first heap   total reserved 2097152K, committed 193536K, used 117305K [0x0000000080000000, 0x0000000100000000)
  region size 1024K, 6 young (6144K), 6 survivors (6144K)
 Metaspace       used 95613K, committed 97856K, reserved 1179648K
  class space    used 10862K, committed 11904K, reserved 1048576K
}
Event: 40.086 GC heap before
{Heap before GC invocations=43 (full 0):
 garbage-first heap   total reserved 2097152K, committed 193536K, used 180793K [0x0000000080000000, 0x0000000100000000)
  region size 1024K, 64 young (65536K), 6 survivors (6144K)
 Metaspace       used 97947K, committed 100160K, reserved 1179648K
  class space    used 11013K, committed 12032K, reserved 1048576K
}
Event: 40.096 GC heap after
{Heap after GC invocations=44 (full 0):
 garbage-first heap   total reserved 2097152K, committed 193536K, used 117500K [0x0000000080000000, 0x0000000100000000)
  region size 1024K, 7 young (7168K), 7 survivors (7168K)
 Metaspace       used 97947K, committed 100160K, reserved 1179648K
  class space    used 11013K, committed 12032K, reserved 1048576K
}
Event: 42.247 GC heap before
{Heap before GC invocations=44 (full 0):
 garbage-first heap   total reserved 2097152K, committed 193536K, used 174844K [0x0000000080000000, 0x0000000100000000)
  region size 1024K, 64 young (65536K), 7 survivors (7168K)
 Metaspace       used 99379K, committed 101632K, reserved 1179648K
  class space    used 11174K, committed 12224K, reserved 1048576K
}
Event: 42.259 GC heap after
{Heap after GC invocations=45 (full 0):
 garbage-first heap   total reserved 2097152K, committed 193536K, used 120804K [0x0000000080000000, 0x0000000100000000)
  region size 1024K, 7 young (7168K), 7 survivors (7168K)
 Metaspace       used 99379K, committed 101632K, reserved 1179648K
  class space    used 11174K, committed 12224K, reserved 1048576K
}
Event: 42.750 GC heap before
{Heap before GC invocations=46 (full 0):
 garbage-first heap   total reserved 2097152K, committed 203776K, used 173028K [0x0000000080000000, 0x0000000100000000)
  region size 1024K, 59 young (60416K), 7 survivors (7168K)
 Metaspace       used 99407K, committed 101632K, reserved 1179648K
  class space    used 11177K, committed 12224K, reserved 1048576K
}
Event: 42.757 GC heap after
{Heap after GC invocations=47 (full 0):
 garbage-first heap   total reserved 2097152K, committed 203776K, used 122593K [0x0000000080000000, 0x0000000100000000)
  region size 1024K, 5 young (5120K), 5 survivors (5120K)
 Metaspace       used 99407K, committed 101632K, reserved 1179648K
  class space    used 11177K, committed 12224K, reserved 1048576K
}
Event: 43.810 GC heap before
{Heap before GC invocations=47 (full 0):
 garbage-first heap   total reserved 2097152K, committed 203776K, used 185057K [0x0000000080000000, 0x0000000100000000)
  region size 1024K, 67 young (68608K), 5 survivors (5120K)
 Metaspace       used 99607K, committed 101824K, reserved 1179648K
  class space    used 11195K, committed 12224K, reserved 1048576K
}
Event: 43.820 GC heap after
{Heap after GC invocations=48 (full 0):
 garbage-first heap   total reserved 2097152K, committed 203776K, used 123682K [0x0000000080000000, 0x0000000100000000)
  region size 1024K, 7 young (7168K), 7 survivors (7168K)
 Metaspace       used 99607K, committed 101824K, reserved 1179648K
  class space    used 11195K, committed 12224K, reserved 1048576K
}
Event: 47.521 GC heap before
{Heap before GC invocations=48 (full 0):
 garbage-first heap   total reserved 2097152K, committed 203776K, used 183074K [0x0000000080000000, 0x0000000100000000)
  region size 1024K, 66 young (67584K), 7 survivors (7168K)
 Metaspace       used 101337K, committed 103616K, reserved 1179648K
  class space    used 11379K, committed 12416K, reserved 1048576K
}
Event: 47.529 GC heap after
{Heap after GC invocations=49 (full 0):
 garbage-first heap   total reserved 2097152K, committed 203776K, used 126424K [0x0000000080000000, 0x0000000100000000)
  region size 1024K, 6 young (6144K), 6 survivors (6144K)
 Metaspace       used 101337K, committed 103616K, reserved 1179648K
  class space    used 11379K, committed 12416K, reserved 1048576K
}

