# JRE version: Java(TM) SE Runtime Environment (24.0.1+9) (build 24.0.1+9-30)
# Java VM: Java HotSpot(TM) 64-Bit Server VM (24.0.1+9-30, mixed mode, sharing, tiered, compressed oops, compressed class ptrs, g1 gc, windows-amd64)
GC Precious Log:
 CardTable entry size: 512
 Card Set container configuration: InlinePtr #cards 5 size 8 Array Of Cards #cards 10 size 36 Howl #buckets 4 coarsen threshold 1843 Howl Bitmap #cards 512 size 80 coarsen threshold 460 Card regions per heap region 1 cards per card region 2048
 CPUs: 12 total, 12 available
 Memory: 7521M
 Large Page Support: Disabled
 NUMA Support: Disabled
 Compressed Oops: Enabled (32-bit)
 Heap Region Size: 1M
 Heap Min Capacity: 8M
 Heap Initial Capacity: 118M
 Heap Max Capacity: 1G
 Pre-touch: Disabled
 Parallel Workers: 10
 Concurrent Workers: 3
 Concurrent Refinement Workers: 10
 Periodic GC: Disabled
Heap:
 garbage-first heap   total reserved 1048576K, committed 95232K, used 62528K [0x00000000c0000000, 0x0000000100000000)
  region size 1024K, 16 young (16384K), 4 survivors (4096K)
 Metaspace       used 54587K, committed 56320K, reserved 1114112K
  class space    used 6244K, committed 7040K, reserved 1048576K
GC Heap History (20 events):
Event: 5.131 GC heap before
{Heap before GC invocations=3 (full 0):
 garbage-first heap   total reserved 1048576K, committed 122880K, used 66576K [0x00000000c0000000, 0x0000000100000000)
  region size 1024K, 49 young (50176K), 5 survivors (5120K)
 Metaspace       used 20856K, committed 21504K, reserved 1114112K
  class space    used 2253K, committed 2560K, reserved 1048576K
}
Event: 5.137 GC heap after
{Heap after GC invocations=4 (full 0):
 garbage-first heap   total reserved 1048576K, committed 122880K, used 25553K [0x00000000c0000000, 0x0000000100000000)
  region size 1024K, 3 young (3072K), 3 survivors (3072K)
 Metaspace       used 20856K, committed 21504K, reserved 1114112K
  class space    used 2253K, committed 2560K, reserved 1048576K
}
Event: 6.652 GC heap before
{Heap before GC invocations=5 (full 0):
 garbage-first heap   total reserved 1048576K, committed 89088K, used 84945K [0x00000000c0000000, 0x0000000100000000)
  region size 1024K, 62 young (63488K), 3 survivors (3072K)
 Metaspace       used 30474K, committed 31424K, reserved 1114112K
  class space    used 3304K, committed 3776K, reserved 1048576K
}
Event: 6.658 GC heap after
{Heap after GC invocations=6 (full 0):
 garbage-first heap   total reserved 1048576K, committed 95232K, used 29897K [0x00000000c0000000, 0x0000000100000000)
  region size 1024K, 8 young (8192K), 8 survivors (8192K)
 Metaspace       used 30474K, committed 31424K, reserved 1114112K
  class space    used 3304K, committed 3776K, reserved 1048576K
}
Event: 7.113 GC heap before
{Heap before GC invocations=6 (full 0):
 garbage-first heap   total reserved 1048576K, committed 95232K, used 73929K [0x00000000c0000000, 0x0000000100000000)
  region size 1024K, 50 young (51200K), 8 survivors (8192K)
 Metaspace       used 33512K, committed 34560K, reserved 1114112K
  class space    used 3570K, committed 4032K, reserved 1048576K
}
Event: 7.119 GC heap after
{Heap after GC invocations=7 (full 0):
 garbage-first heap   total reserved 1048576K, committed 95232K, used 32836K [0x00000000c0000000, 0x0000000100000000)
  region size 1024K, 3 young (3072K), 3 survivors (3072K)
 Metaspace       used 33512K, committed 34560K, reserved 1114112K
  class space    used 3570K, committed 4032K, reserved 1048576K
}
Event: 7.782 GC heap before
{Heap before GC invocations=7 (full 0):
 garbage-first heap   total reserved 1048576K, committed 95232K, used 65604K [0x00000000c0000000, 0x0000000100000000)
  region size 1024K, 36 young (36864K), 3 survivors (3072K)
 Metaspace       used 35029K, committed 36096K, reserved 1114112K
  class space    used 3805K, committed 4288K, reserved 1048576K
}
Event: 7.785 GC heap after
{Heap after GC invocations=8 (full 0):
 garbage-first heap   total reserved 1048576K, committed 95232K, used 34061K [0x00000000c0000000, 0x0000000100000000)
  region size 1024K, 5 young (5120K), 5 survivors (5120K)
 Metaspace       used 35029K, committed 36096K, reserved 1114112K
  class space    used 3805K, committed 4288K, reserved 1048576K
}
Event: 8.446 GC heap before
{Heap before GC invocations=9 (full 0):
 garbage-first heap   total reserved 1048576K, committed 95232K, used 78093K [0x00000000c0000000, 0x0000000100000000)
  region size 1024K, 48 young (49152K), 5 survivors (5120K)
 Metaspace       used 38899K, committed 40384K, reserved 1114112K
  class space    used 4357K, committed 5056K, reserved 1048576K
}
Event: 8.450 GC heap after
{Heap after GC invocations=10 (full 0):
 garbage-first heap   total reserved 1048576K, committed 95232K, used 35117K [0x00000000c0000000, 0x0000000100000000)
  region size 1024K, 3 young (3072K), 3 survivors (3072K)
 Metaspace       used 38899K, committed 40384K, reserved 1114112K
  class space    used 4357K, committed 5056K, reserved 1048576K
}
Event: 9.311 GC heap before
{Heap before GC invocations=10 (full 0):
 garbage-first heap   total reserved 1048576K, committed 95232K, used 81197K [0x00000000c0000000, 0x0000000100000000)
  region size 1024K, 48 young (49152K), 3 survivors (3072K)
 Metaspace       used 44856K, committed 46464K, reserved 1114112K
  class space    used 5079K, committed 5824K, reserved 1048576K
}
Event: 9.316 GC heap after
{Heap after GC invocations=11 (full 0):
 garbage-first heap   total reserved 1048576K, committed 95232K, used 36279K [0x00000000c0000000, 0x0000000100000000)
  region size 1024K, 5 young (5120K), 5 survivors (5120K)
 Metaspace       used 44856K, committed 46464K, reserved 1114112K
  class space    used 5079K, committed 5824K, reserved 1048576K
}
Event: 13.554 GC heap before
{Heap before GC invocations=11 (full 0):
 garbage-first heap   total reserved 1048576K, committed 95232K, used 82359K [0x00000000c0000000, 0x0000000100000000)
  region size 1024K, 50 young (51200K), 5 survivors (5120K)
 Metaspace       used 50264K, committed 52032K, reserved 1114112K
  class space    used 5769K, committed 6592K, reserved 1048576K
}
Event: 13.560 GC heap after
{Heap after GC invocations=12 (full 0):
 garbage-first heap   total reserved 1048576K, committed 95232K, used 40631K [0x00000000c0000000, 0x0000000100000000)
  region size 1024K, 6 young (6144K), 6 survivors (6144K)
 Metaspace       used 50264K, committed 52032K, reserved 1114112K
  class space    used 5769K, committed 6592K, reserved 1048576K
}
Event: 14.840 GC heap before
{Heap before GC invocations=12 (full 0):
 garbage-first heap   total reserved 1048576K, committed 95232K, used 82615K [0x00000000c0000000, 0x0000000100000000)
  region size 1024K, 47 young (48128K), 6 survivors (6144K)
 Metaspace       used 53521K, committed 55296K, reserved 1114112K
  class space    used 6150K, committed 6976K, reserved 1048576K
}
Event: 14.848 GC heap after
{Heap after GC invocations=13 (full 0):
 garbage-first heap   total reserved 1048576K, committed 95232K, used 46034K [0x00000000c0000000, 0x0000000100000000)
  region size 1024K, 6 young (6144K), 6 survivors (6144K)
 Metaspace       used 53521K, committed 55296K, reserved 1114112K
  class space    used 6150K, committed 6976K, reserved 1048576K
}
Event: 15.291 GC heap before
{Heap before GC invocations=13 (full 0):
 garbage-first heap   total reserved 1048576K, committed 95232K, used 80850K [0x00000000c0000000, 0x0000000100000000)
  region size 1024K, 41 young (41984K), 6 survivors (6144K)
 Metaspace       used 54150K, committed 55872K, reserved 1114112K
  class space    used 6220K, committed 7040K, reserved 1048576K
}
Event: 15.298 GC heap after
{Heap after GC invocations=14 (full 0):
 garbage-first heap   total reserved 1048576K, committed 95232K, used 50601K [0x00000000c0000000, 0x0000000100000000)
  region size 1024K, 5 young (5120K), 5 survivors (5120K)
 Metaspace       used 54150K, committed 55872K, reserved 1114112K
  class space    used 6220K, committed 7040K, reserved 1048576K
}
Event: 15.556 GC heap before
{Heap before GC invocations=14 (full 0):
 garbage-first heap   total reserved 1048576K, committed 95232K, used 81321K [0x00000000c0000000, 0x0000000100000000)
  region size 1024K, 36 young (36864K), 5 survivors (5120K)
 Metaspace       used 54473K, committed 56192K, reserved 1114112K
  class space    used 6244K, committed 7040K, reserved 1048576K
}
Event: 15.562 GC heap after
{Heap after GC invocations=15 (full 0):
 garbage-first heap   total reserved 1048576K, committed 95232K, used 51558K [0x00000000c0000000, 0x0000000100000000)
  region size 1024K, 4 young (4096K), 4 survivors (4096K)
 Metaspace       used 54473K, committed 56192K, reserved 1114112K
  class space    used 6244K, committed 7040K, reserved 1048576K
}

