# JRE version: OpenJDK Runtime Environment Temurin-21.0.10+7 (21.0.10+7) (build 21.0.10+7-LTS)
# Java VM: OpenJDK 64-Bit Server VM Temurin-21.0.10+7 (21.0.10+7-LTS, mixed mode, sharing, tiered, compressed oops, compressed class ptrs, g1 gc, windows-amd64)
GC Precious Log:
 CardTable entry size: 512
 Card Set container configuration: InlinePtr #cards 5 size 8 Array Of Cards #cards 12 size 40 Howl #buckets 4 coarsen threshold 1843 Howl Bitmap #cards 512 size 80 coarsen threshold 460 Card regions per heap region 1 cards per card region 2048
 CPUs: 12 total, 12 available
 Memory: 7521M
 Large Page Support: Disabled
 NUMA Support: Disabled
 Compressed Oops: Enabled (32-bit)
 Heap Region Size: 1M
 Heap Min Capacity: 8M
 Heap Initial Capacity: 118M
 Heap Max Capacity: 1G
 Pre-touch: Disabled
 Parallel Workers: 10
 Concurrent Workers: 3
 Concurrent Refinement Workers: 10
 Periodic GC: Disabled
Heap:
 garbage-first heap   total 86016K, used 60720K [0x00000000c0000000, 0x0000000100000000)
  region size 1024K, 25 young (25600K), 3 survivors (3072K)
 Metaspace       used 54369K, committed 56128K, reserved 1114112K
  class space    used 7926K, committed 8768K, reserved 1048576K
GC Heap History (20 events):
Event: 2.947 GC heap before
{Heap before GC invocations=2 (full 0):
 garbage-first heap   total 120832K, used 60133K [0x00000000c0000000, 0x0000000100000000)
  region size 1024K, 51 young (52224K), 5 survivors (5120K)
 Metaspace       used 5797K, committed 6016K, reserved 1114112K
  class space    used 779K, committed 896K, reserved 1048576K
}
Event: 2.965 GC heap after
{Heap after GC invocations=3 (full 0):
 garbage-first heap   total 120832K, used 18180K [0x00000000c0000000, 0x0000000100000000)
  region size 1024K, 6 young (6144K), 6 survivors (6144K)
 Metaspace       used 5797K, committed 6016K, reserved 1114112K
  class space    used 779K, committed 896K, reserved 1048576K
}
Event: 6.133 GC heap before
{Heap before GC invocations=3 (full 0):
 garbage-first heap   total 120832K, used 82692K [0x00000000c0000000, 0x0000000100000000)
  region size 1024K, 70 young (71680K), 6 survivors (6144K)
 Metaspace       used 17768K, committed 18304K, reserved 1114112K
  class space    used 2548K, committed 2752K, reserved 1048576K
}
Event: 6.144 GC heap after
{Heap after GC invocations=4 (full 0):
 garbage-first heap   total 120832K, used 23013K [0x00000000c0000000, 0x0000000100000000)
  region size 1024K, 5 young (5120K), 5 survivors (5120K)
 Metaspace       used 17768K, committed 18304K, reserved 1114112K
  class space    used 2548K, committed 2752K, reserved 1048576K
}
Event: 7.241 GC heap before
{Heap before GC invocations=4 (full 0):
 garbage-first heap   total 120832K, used 46565K [0x00000000c0000000, 0x0000000100000000)
  region size 1024K, 29 young (29696K), 5 survivors (5120K)
 Metaspace       used 20801K, committed 21504K, reserved 1114112K
  class space    used 3074K, committed 3456K, reserved 1048576K
}
Event: 7.248 GC heap after
{Heap after GC invocations=5 (full 0):
 garbage-first heap   total 120832K, used 24785K [0x00000000c0000000, 0x0000000100000000)
  region size 1024K, 7 young (7168K), 7 survivors (7168K)
 Metaspace       used 20801K, committed 21504K, reserved 1114112K
  class space    used 3074K, committed 3456K, reserved 1048576K
}
Event: 8.924 GC heap before
{Heap before GC invocations=6 (full 0):
 garbage-first heap   total 86016K, used 68817K [0x00000000c0000000, 0x0000000100000000)
  region size 1024K, 50 young (51200K), 7 survivors (7168K)
 Metaspace       used 26753K, committed 27712K, reserved 1114112K
  class space    used 4011K, committed 4480K, reserved 1048576K
}
Event: 8.933 GC heap after
{Heap after GC invocations=7 (full 0):
 garbage-first heap   total 86016K, used 26965K [0x00000000c0000000, 0x0000000100000000)
  region size 1024K, 5 young (5120K), 5 survivors (5120K)
 Metaspace       used 26753K, committed 27712K, reserved 1114112K
  class space    used 4011K, committed 4480K, reserved 1048576K
}
Event: 9.907 GC heap before
{Heap before GC invocations=7 (full 0):
 garbage-first heap   total 86016K, used 69973K [0x00000000c0000000, 0x0000000100000000)
  region size 1024K, 48 young (49152K), 5 survivors (5120K)
 Metaspace       used 32370K, committed 33408K, reserved 1114112K
  class space    used 4622K, committed 5120K, reserved 1048576K
}
Event: 9.916 GC heap after
{Heap after GC invocations=8 (full 0):
 garbage-first heap   total 86016K, used 31192K [0x00000000c0000000, 0x0000000100000000)
  region size 1024K, 6 young (6144K), 6 survivors (6144K)
 Metaspace       used 32370K, committed 33408K, reserved 1114112K
  class space    used 4622K, committed 5120K, reserved 1048576K
}
Event: 10.669 GC heap before
{Heap before GC invocations=8 (full 0):
 garbage-first heap   total 86016K, used 71128K [0x00000000c0000000, 0x0000000100000000)
  region size 1024K, 45 young (46080K), 6 survivors (6144K)
 Metaspace       used 34932K, committed 35968K, reserved 1114112K
  class space    used 4915K, committed 5440K, reserved 1048576K
}
Event: 10.674 GC heap after
{Heap after GC invocations=9 (full 0):
 garbage-first heap   total 86016K, used 33632K [0x00000000c0000000, 0x0000000100000000)
  region size 1024K, 3 young (3072K), 3 survivors (3072K)
 Metaspace       used 34932K, committed 35968K, reserved 1114112K
  class space    used 4915K, committed 5440K, reserved 1048576K
}
Event: 11.982 GC heap before
{Heap before GC invocations=10 (full 0):
 garbage-first heap   total 86016K, used 73568K [0x00000000c0000000, 0x0000000100000000)
  region size 1024K, 42 young (43008K), 3 survivors (3072K)
 Metaspace       used 39348K, committed 40832K, reserved 1114112K
  class space    used 5695K, committed 6400K, reserved 1048576K
}
Event: 11.986 GC heap after
{Heap after GC invocations=11 (full 0):
 garbage-first heap   total 86016K, used 34439K [0x00000000c0000000, 0x0000000100000000)
  region size 1024K, 4 young (4096K), 4 survivors (4096K)
 Metaspace       used 39348K, committed 40832K, reserved 1114112K
  class space    used 5695K, committed 6400K, reserved 1048576K
}
Event: 12.938 GC heap before
{Heap before GC invocations=11 (full 0):
 garbage-first heap   total 86016K, used 74375K [0x00000000c0000000, 0x0000000100000000)
  region size 1024K, 43 young (44032K), 4 survivors (4096K)
 Metaspace       used 44376K, committed 45952K, reserved 1114112K
  class space    used 6473K, committed 7232K, reserved 1048576K
}
Event: 12.942 GC heap after
{Heap after GC invocations=12 (full 0):
 garbage-first heap   total 86016K, used 35823K [0x00000000c0000000, 0x0000000100000000)
  region size 1024K, 5 young (5120K), 5 survivors (5120K)
 Metaspace       used 44376K, committed 45952K, reserved 1114112K
  class space    used 6473K, committed 7232K, reserved 1048576K
}
Event: 13.869 GC heap before
{Heap before GC invocations=12 (full 0):
 garbage-first heap   total 86016K, used 75759K [0x00000000c0000000, 0x0000000100000000)
  region size 1024K, 44 young (45056K), 5 survivors (5120K)
 Metaspace       used 49572K, committed 51264K, reserved 1114112K
  class space    used 7207K, committed 8064K, reserved 1048576K
}
Event: 13.875 GC heap after
{Heap after GC invocations=13 (full 0):
 garbage-first heap   total 86016K, used 39546K [0x00000000c0000000, 0x0000000100000000)
  region size 1024K, 6 young (6144K), 6 survivors (6144K)
 Metaspace       used 49572K, committed 51264K, reserved 1114112K
  class space    used 7207K, committed 8064K, reserved 1048576K
}
Event: 15.635 GC heap before
{Heap before GC invocations=13 (full 0):
 garbage-first heap   total 86016K, used 75386K [0x00000000c0000000, 0x0000000100000000)
  region size 1024K, 41 young (41984K), 6 survivors (6144K)
 Metaspace       used 53638K, committed 55424K, reserved 1114112K
  class space    used 7864K, committed 8704K, reserved 1048576K
}
Event: 15.640 GC heap after
{Heap after GC invocations=14 (full 0):
 garbage-first heap   total 86016K, used 39216K [0x00000000c0000000, 0x0000000100000000)
  region size 1024K, 3 young (3072K), 3 survivors (3072K)
 Metaspace       used 53638K, committed 55424K, reserved 1114112K
  class space    used 7864K, committed 8704K, reserved 1048576K
}

