# JRE version: OpenJDK Runtime Environment (21.0.8) (build 21.0.8+-14196175-b1038.72)
# Java VM: OpenJDK 64-Bit Server VM (21.0.8+-14196175-b1038.72, mixed mode, tiered, compressed oops, compressed class ptrs, g1 gc, windows-amd64)
GC Precious Log:
 CardTable entry size: 512
 Card Set container configuration: InlinePtr #cards 5 size 8 Array Of Cards #cards 12 size 40 Howl #buckets 4 coarsen threshold 1843 Howl Bitmap #cards 512 size 80 coarsen threshold 460 Card regions per heap region 1 cards per card region 2048
 CPUs: 12 total, 12 available
 Memory: 7521M
 Large Page Support: Disabled
 NUMA Support: Disabled
 Compressed Oops: Enabled (32-bit)
 Heap Region Size: 1M
 Heap Min Capacity: 8M
 Heap Initial Capacity: 118M
 Heap Max Capacity: 1G
 Pre-touch: Disabled
 Parallel Workers: 10
 Concurrent Workers: 3
 Concurrent Refinement Workers: 10
 Periodic GC: Disabled
Heap:
 garbage-first heap   total 363520K, used 303015K [0x00000000c0000000, 0x0000000100000000)
  region size 1024K, 22 young (22528K), 5 survivors (5120K)
 Metaspace       used 125916K, committed 128128K, reserved 1179648K
  class space    used 17685K, committed 18752K, reserved 1048576K
GC Heap History (20 events):
Event: 20.245 GC heap before
{Heap before GC invocations=50 (full 0):
 garbage-first heap   total 217088K, used 172484K [0x00000000c0000000, 0x0000000100000000)
  region size 1024K, 47 young (48128K), 4 survivors (4096K)
 Metaspace       used 116848K, committed 119040K, reserved 1179648K
  class space    used 16563K, committed 17600K, reserved 1048576K
}
Event: 20.249 GC heap after
{Heap after GC invocations=51 (full 0):
 garbage-first heap   total 217088K, used 131072K [0x00000000c0000000, 0x0000000100000000)
  region size 1024K, 4 young (4096K), 4 survivors (4096K)
 Metaspace       used 116848K, committed 119040K, reserved 1179648K
  class space    used 16563K, committed 17600K, reserved 1048576K
}
Event: 20.878 GC heap before
{Heap before GC invocations=51 (full 0):
 garbage-first heap   total 217088K, used 202752K [0x00000000c0000000, 0x0000000100000000)
  region size 1024K, 70 young (71680K), 4 survivors (4096K)
 Metaspace       used 119577K, committed 121728K, reserved 1179648K
  class space    used 16786K, committed 17856K, reserved 1048576K
}
Event: 20.883 GC heap after
{Heap after GC invocations=52 (full 0):
 garbage-first heap   total 217088K, used 133763K [0x00000000c0000000, 0x0000000100000000)
  region size 1024K, 8 young (8192K), 8 survivors (8192K)
 Metaspace       used 119577K, committed 121728K, reserved 1179648K
  class space    used 16786K, committed 17856K, reserved 1048576K
}
Event: 21.204 GC heap before
{Heap before GC invocations=52 (full 0):
 garbage-first heap   total 217088K, used 194179K [0x00000000c0000000, 0x0000000100000000)
  region size 1024K, 68 young (69632K), 8 survivors (8192K)
 Metaspace       used 120900K, committed 123072K, reserved 1179648K
  class space    used 16972K, committed 18048K, reserved 1048576K
}
Event: 21.211 GC heap after
{Heap after GC invocations=53 (full 0):
 garbage-first heap   total 217088K, used 135577K [0x00000000c0000000, 0x0000000100000000)
  region size 1024K, 7 young (7168K), 7 survivors (7168K)
 Metaspace       used 120900K, committed 123072K, reserved 1179648K
  class space    used 16972K, committed 18048K, reserved 1048576K
}
Event: 21.500 GC heap before
{Heap before GC invocations=53 (full 0):
 garbage-first heap   total 217088K, used 195993K [0x00000000c0000000, 0x0000000100000000)
  region size 1024K, 67 young (68608K), 7 survivors (7168K)
 Metaspace       used 121179K, committed 123328K, reserved 1179648K
  class space    used 17013K, committed 18048K, reserved 1048576K
}
Event: 21.509 GC heap after
{Heap after GC invocations=54 (full 0):
 garbage-first heap   total 217088K, used 137934K [0x00000000c0000000, 0x0000000100000000)
  region size 1024K, 5 young (5120K), 5 survivors (5120K)
 Metaspace       used 121179K, committed 123328K, reserved 1179648K
  class space    used 17013K, committed 18048K, reserved 1048576K
}
Event: 21.765 GC heap before
{Heap before GC invocations=55 (full 0):
 garbage-first heap   total 234496K, used 232142K [0x00000000c0000000, 0x0000000100000000)
  region size 1024K, 45 young (46080K), 5 survivors (5120K)
 Metaspace       used 121420K, committed 123648K, reserved 1179648K
  class space    used 17044K, committed 18112K, reserved 1048576K
}
Event: 21.773 GC heap after
{Heap after GC invocations=56 (full 0):
 garbage-first heap   total 246784K, used 199728K [0x00000000c0000000, 0x0000000100000000)
  region size 1024K, 8 young (8192K), 8 survivors (8192K)
 Metaspace       used 121420K, committed 123648K, reserved 1179648K
  class space    used 17044K, committed 18112K, reserved 1048576K
}
Event: 21.847 GC heap before
{Heap before GC invocations=56 (full 0):
 garbage-first heap   total 246784K, used 227376K [0x00000000c0000000, 0x0000000100000000)
  region size 1024K, 32 young (32768K), 8 survivors (8192K)
 Metaspace       used 121639K, committed 123840K, reserved 1179648K
  class space    used 17075K, committed 18112K, reserved 1048576K
}
Event: 21.853 GC heap after
{Heap after GC invocations=57 (full 0):
 garbage-first heap   total 246784K, used 204152K [0x00000000c0000000, 0x0000000100000000)
  region size 1024K, 4 young (4096K), 4 survivors (4096K)
 Metaspace       used 121639K, committed 123840K, reserved 1179648K
  class space    used 17075K, committed 18112K, reserved 1048576K
}
Event: 22.171 GC heap before
{Heap before GC invocations=57 (full 0):
 garbage-first heap   total 246784K, used 227704K [0x00000000c0000000, 0x0000000100000000)
  region size 1024K, 28 young (28672K), 4 survivors (4096K)
 Metaspace       used 123929K, committed 126144K, reserved 1179648K
  class space    used 17395K, committed 18496K, reserved 1048576K
}
Event: 22.175 GC heap after
{Heap after GC invocations=58 (full 0):
 garbage-first heap   total 246784K, used 205197K [0x00000000c0000000, 0x0000000100000000)
  region size 1024K, 2 young (2048K), 2 survivors (2048K)
 Metaspace       used 123929K, committed 126144K, reserved 1179648K
  class space    used 17395K, committed 18496K, reserved 1048576K
}
Event: 22.494 GC heap before
{Heap before GC invocations=59 (full 0):
 garbage-first heap   total 343040K, used 307597K [0x00000000c0000000, 0x0000000100000000)
  region size 1024K, 22 young (22528K), 2 survivors (2048K)
 Metaspace       used 125565K, committed 127808K, reserved 1179648K
  class space    used 17638K, committed 18752K, reserved 1048576K
}
Event: 22.498 GC heap after
{Heap after GC invocations=60 (full 0):
 garbage-first heap   total 343040K, used 244908K [0x00000000c0000000, 0x0000000100000000)
  region size 1024K, 3 young (3072K), 3 survivors (3072K)
 Metaspace       used 125565K, committed 127808K, reserved 1179648K
  class space    used 17638K, committed 18752K, reserved 1048576K
}
Event: 22.687 GC heap before
{Heap before GC invocations=60 (full 0):
 garbage-first heap   total 343040K, used 341164K [0x00000000c0000000, 0x0000000100000000)
  region size 1024K, 43 young (44032K), 3 survivors (3072K)
 Metaspace       used 125916K, committed 128128K, reserved 1179648K
  class space    used 17685K, committed 18752K, reserved 1048576K
}
Event: 22.699 GC heap after
{Heap after GC invocations=61 (full 0):
 garbage-first heap   total 363520K, used 280462K [0x00000000c0000000, 0x0000000100000000)
  region size 1024K, 10 young (10240K), 10 survivors (10240K)
 Metaspace       used 125916K, committed 128128K, reserved 1179648K
  class space    used 17685K, committed 18752K, reserved 1048576K
}
Event: 22.736 GC heap before
{Heap before GC invocations=61 (full 0):
 garbage-first heap   total 363520K, used 288654K [0x00000000c0000000, 0x0000000100000000)
  region size 1024K, 19 young (19456K), 10 survivors (10240K)
 Metaspace       used 125916K, committed 128128K, reserved 1179648K
  class space    used 17685K, committed 18752K, reserved 1048576K
}
Event: 22.745 GC heap after
{Heap after GC invocations=62 (full 0):
 garbage-first heap   total 363520K, used 285607K [0x00000000c0000000, 0x0000000100000000)
  region size 1024K, 5 young (5120K), 5 survivors (5120K)
 Metaspace       used 125916K, committed 128128K, reserved 1179648K
  class space    used 17685K, committed 18752K, reserved 1048576K
}

