# JRE version: OpenJDK Runtime Environment Temurin-21.0.10+7 (21.0.10+7) (build 21.0.10+7-LTS)
# Java VM: OpenJDK 64-Bit Server VM Temurin-21.0.10+7 (21.0.10+7-LTS, mixed mode, sharing, tiered, compressed oops, compressed class ptrs, parallel gc, windows-amd64)
GC Precious Log:
 CardTable entry size: 512
 CPUs: 12 total, 12 available
 Memory: 7521M
 Large Page Support: Disabled
 NUMA Support: Disabled
 Compressed Oops: Enabled (32-bit)
 Alignments: Space 512K, Generation 512K, Heap 2M
 Heap Min Capacity: 100M
 Heap Initial Capacity: 100M
 Heap Max Capacity: 2G
 Pre-touch: Disabled
 Parallel Workers: 10
Heap:
 PSYoungGen      total 19968K, used 3256K [0x00000000d5580000, 0x00000000d6a80000, 0x0000000100000000)
  eden space 18432K, 11% used [0x00000000d5580000,0x00000000d57957f0,0x00000000d6780000)
  from space 1536K, 73% used [0x00000000d6900000,0x00000000d6a18bd8,0x00000000d6a80000)
  to   space 1536K, 0% used [0x00000000d6780000,0x00000000d6780000,0x00000000d6900000)
 ParOldGen       total 69632K, used 69164K [0x0000000080000000, 0x0000000084400000, 0x00000000d5580000)
  object space 69632K, 99% used [0x0000000080000000,0x000000008438b130,0x0000000084400000)
 Metaspace       used 76022K, committed 77760K, reserved 1179648K
  class space    used 9457K, committed 10304K, reserved 1048576K
GC Heap History (20 events):
Event: 103.577 GC heap before
{Heap before GC invocations=72 (full 3):
 PSYoungGen      total 20992K, used 20640K [0x00000000d5580000, 0x00000000d6b00000, 0x0000000100000000)
  eden space 20480K, 100% used [0x00000000d5580000,0x00000000d6980000,0x00000000d6980000)
  from space 512K, 31% used [0x00000000d6a80000,0x00000000d6aa8000,0x00000000d6b00000)
  to   space 512K, 0% used [0x00000000d6980000,0x00000000d6980000,0x00000000d6a00000)
 ParOldGen       total 68608K, used 63318K [0x0000000080000000, 0x0000000084300000, 0x00000000d5580000)
  object space 68608K, 92% used [0x0000000080000000,0x0000000083dd58f0,0x0000000084300000)
 Metaspace       used 71793K, committed 73344K, reserved 1114112K
  class space    used 8985K, committed 9728K, reserved 1048576K
}
Event: 103.579 GC heap after
{Heap after GC invocations=72 (full 3):
 PSYoungGen      total 20992K, used 512K [0x00000000d5580000, 0x00000000d6b80000, 0x0000000100000000)
  eden space 20480K, 0% used [0x00000000d5580000,0x00000000d5580000,0x00000000d6980000)
  from space 512K, 100% used [0x00000000d6980000,0x00000000d6a00000,0x00000000d6a00000)
  to   space 1024K, 0% used [0x00000000d6a80000,0x00000000d6a80000,0x00000000d6b80000)
 ParOldGen       total 68608K, used 63350K [0x0000000080000000, 0x0000000084300000, 0x00000000d5580000)
  object space 68608K, 92% used [0x0000000080000000,0x0000000083ddd8f0,0x0000000084300000)
 Metaspace       used 71793K, committed 73344K, reserved 1114112K
  class space    used 8985K, committed 9728K, reserved 1048576K
}
Event: 103.775 GC heap before
{Heap before GC invocations=73 (full 3):
 PSYoungGen      total 20992K, used 20992K [0x00000000d5580000, 0x00000000d6b80000, 0x0000000100000000)
  eden space 20480K, 100% used [0x00000000d5580000,0x00000000d6980000,0x00000000d6980000)
  from space 512K, 100% used [0x00000000d6980000,0x00000000d6a00000,0x00000000d6a00000)
  to   space 1024K, 0% used [0x00000000d6a80000,0x00000000d6a80000,0x00000000d6b80000)
 ParOldGen       total 68608K, used 63350K [0x0000000080000000, 0x0000000084300000, 0x00000000d5580000)
  object space 68608K, 92% used [0x0000000080000000,0x0000000083ddd8f0,0x0000000084300000)
 Metaspace       used 72473K, committed 74048K, reserved 1114112K
  class space    used 9063K, committed 9792K, reserved 1048576K
}
Event: 103.778 GC heap after
{Heap after GC invocations=73 (full 3):
 PSYoungGen      total 19456K, used 1016K [0x00000000d5580000, 0x00000000d6f80000, 0x0000000100000000)
  eden space 18432K, 0% used [0x00000000d5580000,0x00000000d5580000,0x00000000d6780000)
  from space 1024K, 99% used [0x00000000d6a80000,0x00000000d6b7e1a8,0x00000000d6b80000)
  to   space 3072K, 0% used [0x00000000d6780000,0x00000000d6780000,0x00000000d6a80000)
 ParOldGen       total 68608K, used 64758K [0x0000000080000000, 0x0000000084300000, 0x00000000d5580000)
  object space 68608K, 94% used [0x0000000080000000,0x0000000083f3d8f0,0x0000000084300000)
 Metaspace       used 72473K, committed 74048K, reserved 1114112K
  class space    used 9063K, committed 9792K, reserved 1048576K
}
Event: 110.075 GC heap before
{Heap before GC invocations=74 (full 3):
 PSYoungGen      total 19456K, used 19448K [0x00000000d5580000, 0x00000000d6f80000, 0x0000000100000000)
  eden space 18432K, 99% used [0x00000000d5580000,0x00000000d677ffe8,0x00000000d6780000)
  from space 1024K, 99% used [0x00000000d6a80000,0x00000000d6b7e1a8,0x00000000d6b80000)
  to   space 3072K, 0% used [0x00000000d6780000,0x00000000d6780000,0x00000000d6a80000)
 ParOldGen       total 68608K, used 64758K [0x0000000080000000, 0x0000000084300000, 0x00000000d5580000)
  object space 68608K, 94% used [0x0000000080000000,0x0000000083f3d8f0,0x0000000084300000)
 Metaspace       used 73575K, committed 75200K, reserved 1114112K
  class space    used 9166K, committed 9984K, reserved 1048576K
}
Event: 110.079 GC heap after
{Heap after GC invocations=74 (full 3):
 PSYoungGen      total 19456K, used 1017K [0x00000000d5580000, 0x00000000d6b00000, 0x0000000100000000)
  eden space 18432K, 0% used [0x00000000d5580000,0x00000000d5580000,0x00000000d6780000)
  from space 1024K, 99% used [0x00000000d6780000,0x00000000d687e4d0,0x00000000d6880000)
  to   space 1536K, 0% used [0x00000000d6980000,0x00000000d6980000,0x00000000d6b00000)
 ParOldGen       total 68608K, used 65566K [0x0000000080000000, 0x0000000084300000, 0x00000000d5580000)
  object space 68608K, 95% used [0x0000000080000000,0x0000000084007b00,0x0000000084300000)
 Metaspace       used 73575K, committed 75200K, reserved 1114112K
  class space    used 9166K, committed 9984K, reserved 1048576K
}
Event: 343.632 GC heap before
{Heap before GC invocations=75 (full 3):
 PSYoungGen      total 19456K, used 19449K [0x00000000d5580000, 0x00000000d6b00000, 0x0000000100000000)
  eden space 18432K, 100% used [0x00000000d5580000,0x00000000d6780000,0x00000000d6780000)
  from space 1024K, 99% used [0x00000000d6780000,0x00000000d687e4d0,0x00000000d6880000)
  to   space 1536K, 0% used [0x00000000d6980000,0x00000000d6980000,0x00000000d6b00000)
 ParOldGen       total 68608K, used 65566K [0x0000000080000000, 0x0000000084300000, 0x00000000d5580000)
  object space 68608K, 95% used [0x0000000080000000,0x0000000084007b00,0x0000000084300000)
 Metaspace       used 74541K, committed 76224K, reserved 1179648K
  class space    used 9296K, committed 10112K, reserved 1048576K
}
Event: 343.660 GC heap after
{Heap after GC invocations=75 (full 3):
 PSYoungGen      total 19456K, used 896K [0x00000000d5580000, 0x00000000d6a80000, 0x0000000100000000)
  eden space 18432K, 0% used [0x00000000d5580000,0x00000000d5580000,0x00000000d6780000)
  from space 1024K, 87% used [0x00000000d6980000,0x00000000d6a60000,0x00000000d6a80000)
  to   space 1024K, 0% used [0x00000000d6780000,0x00000000d6780000,0x00000000d6880000)
 ParOldGen       total 68608K, used 66371K [0x0000000080000000, 0x0000000084300000, 0x00000000d5580000)
  object space 68608K, 96% used [0x0000000080000000,0x00000000840d0f80,0x0000000084300000)
 Metaspace       used 74541K, committed 76224K, reserved 1179648K
  class space    used 9296K, committed 10112K, reserved 1048576K
}
Event: 1048.277 GC heap before
{Heap before GC invocations=76 (full 3):
 PSYoungGen      total 19456K, used 19328K [0x00000000d5580000, 0x00000000d6a80000, 0x0000000100000000)
  eden space 18432K, 100% used [0x00000000d5580000,0x00000000d6780000,0x00000000d6780000)
  from space 1024K, 87% used [0x00000000d6980000,0x00000000d6a60000,0x00000000d6a80000)
  to   space 1024K, 0% used [0x00000000d6780000,0x00000000d6780000,0x00000000d6880000)
 ParOldGen       total 68608K, used 66371K [0x0000000080000000, 0x0000000084300000, 0x00000000d5580000)
  object space 68608K, 96% used [0x0000000080000000,0x00000000840d0f80,0x0000000084300000)
 Metaspace       used 74967K, committed 76672K, reserved 1179648K
  class space    used 9349K, committed 10176K, reserved 1048576K
}
Event: 1048.302 GC heap after
{Heap after GC invocations=76 (full 3):
 PSYoungGen      total 19456K, used 832K [0x00000000d5580000, 0x00000000d6a00000, 0x0000000100000000)
  eden space 18432K, 0% used [0x00000000d5580000,0x00000000d5580000,0x00000000d6780000)
  from space 1024K, 81% used [0x00000000d6780000,0x00000000d6850000,0x00000000d6880000)
  to   space 1024K, 0% used [0x00000000d6900000,0x00000000d6900000,0x00000000d6a00000)
 ParOldGen       total 68608K, used 67132K [0x0000000080000000, 0x0000000084300000, 0x00000000d5580000)
  object space 68608K, 97% used [0x0000000080000000,0x000000008418f130,0x0000000084300000)
 Metaspace       used 74967K, committed 76672K, reserved 1179648K
  class space    used 9349K, committed 10176K, reserved 1048576K
}
Event: 1573.115 GC heap before
{Heap before GC invocations=77 (full 3):
 PSYoungGen      total 19456K, used 19264K [0x00000000d5580000, 0x00000000d6a00000, 0x0000000100000000)
  eden space 18432K, 100% used [0x00000000d5580000,0x00000000d6780000,0x00000000d6780000)
  from space 1024K, 81% used [0x00000000d6780000,0x00000000d6850000,0x00000000d6880000)
  to   space 1024K, 0% used [0x00000000d6900000,0x00000000d6900000,0x00000000d6a00000)
 ParOldGen       total 68608K, used 67132K [0x0000000080000000, 0x0000000084300000, 0x00000000d5580000)
  object space 68608K, 97% used [0x0000000080000000,0x000000008418f130,0x0000000084300000)
 Metaspace       used 75068K, committed 76800K, reserved 1179648K
  class space    used 9349K, committed 10176K, reserved 1048576K
}
Event: 1573.143 GC heap after
{Heap after GC invocations=77 (full 3):
 PSYoungGen      total 18944K, used 320K [0x00000000d5580000, 0x00000000d6980000, 0x0000000100000000)
  eden space 18432K, 0% used [0x00000000d5580000,0x00000000d5580000,0x00000000d6780000)
  from space 512K, 62% used [0x00000000d6900000,0x00000000d6950000,0x00000000d6980000)
  to   space 1024K, 0% used [0x00000000d6780000,0x00000000d6780000,0x00000000d6880000)
 ParOldGen       total 68608K, used 67764K [0x0000000080000000, 0x0000000084300000, 0x00000000d5580000)
  object space 68608K, 98% used [0x0000000080000000,0x000000008422d130,0x0000000084300000)
 Metaspace       used 75068K, committed 76800K, reserved 1179648K
  class space    used 9349K, committed 10176K, reserved 1048576K
}
Event: 2646.507 GC heap before
{Heap before GC invocations=78 (full 3):
 PSYoungGen      total 18944K, used 18740K [0x00000000d5580000, 0x00000000d6980000, 0x0000000100000000)
  eden space 18432K, 99% used [0x00000000d5580000,0x00000000d677d030,0x00000000d6780000)
  from space 512K, 62% used [0x00000000d6900000,0x00000000d6950000,0x00000000d6980000)
  to   space 1024K, 0% used [0x00000000d6780000,0x00000000d6780000,0x00000000d6880000)
 ParOldGen       total 68608K, used 67764K [0x0000000080000000, 0x0000000084300000, 0x00000000d5580000)
  object space 68608K, 98% used [0x0000000080000000,0x000000008422d130,0x0000000084300000)
 Metaspace       used 75140K, committed 76864K, reserved 1179648K
  class space    used 9349K, committed 10176K, reserved 1048576K
}
Event: 2646.541 GC heap after
{Heap after GC invocations=78 (full 3):
 PSYoungGen      total 19456K, used 979K [0x00000000d5580000, 0x00000000d6a80000, 0x0000000100000000)
  eden space 18432K, 0% used [0x00000000d5580000,0x00000000d5580000,0x00000000d6780000)
  from space 1024K, 95% used [0x00000000d6780000,0x00000000d6874c88,0x00000000d6880000)
  to   space 1536K, 0% used [0x00000000d6900000,0x00000000d6900000,0x00000000d6a80000)
 ParOldGen       total 68608K, used 67836K [0x0000000080000000, 0x0000000084300000, 0x00000000d5580000)
  object space 68608K, 98% used [0x0000000080000000,0x000000008423f130,0x0000000084300000)
 Metaspace       used 75140K, committed 76864K, reserved 1179648K
  class space    used 9349K, committed 10176K, reserved 1048576K
}
Event: 3160.680 GC heap before
{Heap before GC invocations=79 (full 3):
 PSYoungGen      total 19456K, used 19411K [0x00000000d5580000, 0x00000000d6a80000, 0x0000000100000000)
  eden space 18432K, 100% used [0x00000000d5580000,0x00000000d6780000,0x00000000d6780000)
  from space 1024K, 95% used [0x00000000d6780000,0x00000000d6874c88,0x00000000d6880000)
  to   space 1536K, 0% used [0x00000000d6900000,0x00000000d6900000,0x00000000d6a80000)
 ParOldGen       total 68608K, used 67836K [0x0000000080000000, 0x0000000084300000, 0x00000000d5580000)
  object space 68608K, 98% used [0x0000000080000000,0x000000008423f130,0x0000000084300000)
 Metaspace       used 75442K, committed 77184K, reserved 1179648K
  class space    used 9385K, committed 10240K, reserved 1048576K
}
Event: 3160.712 GC heap after
{Heap after GC invocations=79 (full 3):
 PSYoungGen      total 18944K, used 480K [0x00000000d5580000, 0x00000000d6980000, 0x0000000100000000)
  eden space 18432K, 0% used [0x00000000d5580000,0x00000000d5580000,0x00000000d6780000)
  from space 512K, 93% used [0x00000000d6900000,0x00000000d6978000,0x00000000d6980000)
  to   space 1024K, 0% used [0x00000000d6780000,0x00000000d6780000,0x00000000d6880000)
 ParOldGen       total 68608K, used 68324K [0x0000000080000000, 0x0000000084300000, 0x00000000d5580000)
  object space 68608K, 99% used [0x0000000080000000,0x00000000842b9130,0x0000000084300000)
 Metaspace       used 75442K, committed 77184K, reserved 1179648K
  class space    used 9385K, committed 10240K, reserved 1048576K
}
Event: 3450.144 GC heap before
{Heap before GC invocations=80 (full 3):
 PSYoungGen      total 18944K, used 18908K [0x00000000d5580000, 0x00000000d6980000, 0x0000000100000000)
  eden space 18432K, 99% used [0x00000000d5580000,0x00000000d677f238,0x00000000d6780000)
  from space 512K, 93% used [0x00000000d6900000,0x00000000d6978000,0x00000000d6980000)
  to   space 1024K, 0% used [0x00000000d6780000,0x00000000d6780000,0x00000000d6880000)
 ParOldGen       total 68608K, used 68324K [0x0000000080000000, 0x0000000084300000, 0x00000000d5580000)
  object space 68608K, 99% used [0x0000000080000000,0x00000000842b9130,0x0000000084300000)
 Metaspace       used 75744K, committed 77504K, reserved 1179648K
  class space    used 9420K, committed 10240K, reserved 1048576K
}
Event: 3450.194 GC heap after
{Heap after GC invocations=80 (full 3):
 PSYoungGen      total 19456K, used 960K [0x00000000d5580000, 0x00000000d6a80000, 0x0000000100000000)
  eden space 18432K, 0% used [0x00000000d5580000,0x00000000d5580000,0x00000000d6780000)
  from space 1024K, 93% used [0x00000000d6780000,0x00000000d6870000,0x00000000d6880000)
  to   space 1536K, 0% used [0x00000000d6900000,0x00000000d6900000,0x00000000d6a80000)
 ParOldGen       total 68608K, used 68540K [0x0000000080000000, 0x0000000084300000, 0x00000000d5580000)
  object space 68608K, 99% used [0x0000000080000000,0x00000000842ef130,0x0000000084300000)
 Metaspace       used 75744K, committed 77504K, reserved 1179648K
  class space    used 9420K, committed 10240K, reserved 1048576K
}
Event: 3485.823 GC heap before
{Heap before GC invocations=81 (full 3):
 PSYoungGen      total 19456K, used 19392K [0x00000000d5580000, 0x00000000d6a80000, 0x0000000100000000)
  eden space 18432K, 100% used [0x00000000d5580000,0x00000000d6780000,0x00000000d6780000)
  from space 1024K, 93% used [0x00000000d6780000,0x00000000d6870000,0x00000000d6880000)
  to   space 1536K, 0% used [0x00000000d6900000,0x00000000d6900000,0x00000000d6a80000)
 ParOldGen       total 68608K, used 68540K [0x0000000080000000, 0x0000000084300000, 0x00000000d5580000)
  object space 68608K, 99% used [0x0000000080000000,0x00000000842ef130,0x0000000084300000)
 Metaspace       used 76012K, committed 77760K, reserved 1179648K
  class space    used 9457K, committed 10304K, reserved 1048576K
}
Event: 3485.857 GC heap after
{Heap after GC invocations=81 (full 3):
 PSYoungGen      total 19968K, used 1122K [0x00000000d5580000, 0x00000000d6a80000, 0x0000000100000000)
  eden space 18432K, 0% used [0x00000000d5580000,0x00000000d5580000,0x00000000d6780000)
  from space 1536K, 73% used [0x00000000d6900000,0x00000000d6a18bd8,0x00000000d6a80000)
  to   space 1536K, 0% used [0x00000000d6780000,0x00000000d6780000,0x00000000d6900000)
 ParOldGen       total 69632K, used 69164K [0x0000000080000000, 0x0000000084400000, 0x00000000d5580000)
  object space 69632K, 99% used [0x0000000080000000,0x000000008438b130,0x0000000084400000)
 Metaspace       used 76012K, committed 77760K, reserved 1179648K
  class space    used 9457K, committed 10304K, reserved 1048576K
}

