# JRE version: Java(TM) SE Runtime Environment (24.0.1+9) (build 24.0.1+9-30)
# Java VM: Java HotSpot(TM) 64-Bit Server VM (24.0.1+9-30, mixed mode, sharing, tiered, compressed oops, compressed class ptrs, g1 gc, windows-amd64)
GC Precious Log:
 CardTable entry size: 512
 Card Set container configuration: InlinePtr #cards 5 size 8 Array Of Cards #cards 10 size 36 Howl #buckets 4 coarsen threshold 1843 Howl Bitmap #cards 512 size 80 coarsen threshold 460 Card regions per heap region 1 cards per card region 2048
 CPUs: 12 total, 12 available
 Memory: 7521M
 Large Page Support: Disabled
 NUMA Support: Disabled
 Compressed Oops: Enabled (32-bit)
 Heap Region Size: 1M
 Heap Min Capacity: 8M
 Heap Initial Capacity: 118M
 Heap Max Capacity: 1G
 Pre-touch: Disabled
 Parallel Workers: 10
 Concurrent Workers: 3
 Concurrent Refinement Workers: 10
 Periodic GC: Disabled
Heap:
 garbage-first heap   total reserved 1048576K, committed 142336K, used 103686K [0x00000000c0000000, 0x0000000100000000)
  region size 1024K, 16 young (16384K), 6 survivors (6144K)
 Metaspace       used 75313K, committed 77312K, reserved 1179648K
  class space    used 8359K, committed 9280K, reserved 1048576K
GC Heap History (20 events):
Event: 7.055 GC heap after
{Heap after GC invocations=17 (full 0):
 garbage-first heap   total reserved 1048576K, committed 95232K, used 52427K [0x00000000c0000000, 0x0000000100000000)
  region size 1024K, 4 young (4096K), 4 survivors (4096K)
 Metaspace       used 54543K, committed 56320K, reserved 1114112K
  class space    used 6271K, committed 7104K, reserved 1048576K
}
Event: 7.149 GC heap before
{Heap before GC invocations=17 (full 0):
 garbage-first heap   total reserved 1048576K, committed 95232K, used 84171K [0x00000000c0000000, 0x0000000100000000)
  region size 1024K, 35 young (35840K), 4 survivors (4096K)
 Metaspace       used 54585K, committed 56320K, reserved 1114112K
  class space    used 6271K, committed 7104K, reserved 1048576K
}
Event: 7.152 GC heap after
{Heap after GC invocations=18 (full 0):
 garbage-first heap   total reserved 1048576K, committed 95232K, used 51427K [0x00000000c0000000, 0x0000000100000000)
  region size 1024K, 4 young (4096K), 4 survivors (4096K)
 Metaspace       used 54585K, committed 56320K, reserved 1114112K
  class space    used 6271K, committed 7104K, reserved 1048576K
}
Event: 7.226 GC heap before
{Heap before GC invocations=18 (full 0):
 garbage-first heap   total reserved 1048576K, committed 95232K, used 82147K [0x00000000c0000000, 0x0000000100000000)
  region size 1024K, 35 young (35840K), 4 survivors (4096K)
 Metaspace       used 54592K, committed 56384K, reserved 1114112K
  class space    used 6271K, committed 7104K, reserved 1048576K
}
Event: 7.229 GC heap after
{Heap after GC invocations=19 (full 0):
 garbage-first heap   total reserved 1048576K, committed 114688K, used 51975K [0x00000000c0000000, 0x0000000100000000)
  region size 1024K, 4 young (4096K), 4 survivors (4096K)
 Metaspace       used 54592K, committed 56384K, reserved 1114112K
  class space    used 6271K, committed 7104K, reserved 1048576K
}
Event: 8.591 GC heap before
{Heap before GC invocations=20 (full 0):
 garbage-first heap   total reserved 1048576K, committed 115712K, used 113415K [0x00000000c0000000, 0x0000000100000000)
  region size 1024K, 51 young (52224K), 4 survivors (4096K)
 Metaspace       used 55200K, committed 56960K, reserved 1114112K
  class space    used 6365K, committed 7168K, reserved 1048576K
}
Event: 8.596 GC heap after
{Heap after GC invocations=21 (full 0):
 garbage-first heap   total reserved 1048576K, committed 125952K, used 72519K [0x00000000c0000000, 0x0000000100000000)
  region size 1024K, 7 young (7168K), 7 survivors (7168K)
 Metaspace       used 55200K, committed 56960K, reserved 1114112K
  class space    used 6365K, committed 7168K, reserved 1048576K
}
Event: 9.276 GC heap before
{Heap before GC invocations=21 (full 0):
 garbage-first heap   total reserved 1048576K, committed 125952K, used 109383K [0x00000000c0000000, 0x0000000100000000)
  region size 1024K, 43 young (44032K), 7 survivors (7168K)
 Metaspace       used 58031K, committed 59840K, reserved 1114112K
  class space    used 6598K, committed 7424K, reserved 1048576K
}
Event: 9.280 GC heap after
{Heap after GC invocations=22 (full 0):
 garbage-first heap   total reserved 1048576K, committed 125952K, used 75282K [0x00000000c0000000, 0x0000000100000000)
  region size 1024K, 3 young (3072K), 3 survivors (3072K)
 Metaspace       used 58031K, committed 59840K, reserved 1114112K
  class space    used 6598K, committed 7424K, reserved 1048576K
}
Event: 9.728 GC heap before
{Heap before GC invocations=22 (full 0):
 garbage-first heap   total reserved 1048576K, committed 125952K, used 109074K [0x00000000c0000000, 0x0000000100000000)
  region size 1024K, 37 young (37888K), 3 survivors (3072K)
 Metaspace       used 62353K, committed 64256K, reserved 1114112K
  class space    used 7008K, committed 7872K, reserved 1048576K
}
Event: 9.731 GC heap after
{Heap after GC invocations=23 (full 0):
 garbage-first heap   total reserved 1048576K, committed 125952K, used 76140K [0x00000000c0000000, 0x0000000100000000)
  region size 1024K, 4 young (4096K), 4 survivors (4096K)
 Metaspace       used 62353K, committed 64256K, reserved 1114112K
  class space    used 7008K, committed 7872K, reserved 1048576K
}
Event: 10.120 GC heap before
{Heap before GC invocations=24 (full 0):
 garbage-first heap   total reserved 1048576K, committed 130048K, used 117100K [0x00000000c0000000, 0x0000000100000000)
  region size 1024K, 40 young (40960K), 4 survivors (4096K)
 Metaspace       used 65016K, committed 67008K, reserved 1114112K
  class space    used 7269K, committed 8192K, reserved 1048576K
}
Event: 10.125 GC heap after
{Heap after GC invocations=25 (full 0):
 garbage-first heap   total reserved 1048576K, committed 130048K, used 81602K [0x00000000c0000000, 0x0000000100000000)
  region size 1024K, 5 young (5120K), 5 survivors (5120K)
 Metaspace       used 65016K, committed 67008K, reserved 1114112K
  class space    used 7269K, committed 8192K, reserved 1048576K
}
Event: 10.470 GC heap before
{Heap before GC invocations=25 (full 0):
 garbage-first heap   total reserved 1048576K, committed 130048K, used 116418K [0x00000000c0000000, 0x0000000100000000)
  region size 1024K, 39 young (39936K), 5 survivors (5120K)
 Metaspace       used 67569K, committed 69504K, reserved 1114112K
  class space    used 7532K, committed 8448K, reserved 1048576K
}
Event: 10.475 GC heap after
{Heap after GC invocations=26 (full 0):
 garbage-first heap   total reserved 1048576K, committed 130048K, used 82838K [0x00000000c0000000, 0x0000000100000000)
  region size 1024K, 3 young (3072K), 3 survivors (3072K)
 Metaspace       used 67569K, committed 69504K, reserved 1114112K
  class space    used 7532K, committed 8448K, reserved 1048576K
}
Event: 10.900 GC heap before
{Heap before GC invocations=26 (full 0):
 garbage-first heap   total reserved 1048576K, committed 130048K, used 117654K [0x00000000c0000000, 0x0000000100000000)
  region size 1024K, 37 young (37888K), 3 survivors (3072K)
 Metaspace       used 70929K, committed 72960K, reserved 1114112K
  class space    used 7878K, committed 8832K, reserved 1048576K
}
Event: 10.903 GC heap after
{Heap after GC invocations=27 (full 0):
 garbage-first heap   total reserved 1048576K, committed 130048K, used 84277K [0x00000000c0000000, 0x0000000100000000)
  region size 1024K, 4 young (4096K), 4 survivors (4096K)
 Metaspace       used 70929K, committed 72960K, reserved 1114112K
  class space    used 7878K, committed 8832K, reserved 1048576K
}
Event: 11.289 GC heap before
{Heap before GC invocations=28 (full 0):
 garbage-first heap   total reserved 1048576K, committed 142336K, used 121141K [0x00000000c0000000, 0x0000000100000000)
  region size 1024K, 36 young (36864K), 4 survivors (4096K)
 Metaspace       used 73832K, committed 75840K, reserved 1179648K
  class space    used 8184K, committed 9152K, reserved 1048576K
}
Event: 11.292 GC heap after
{Heap after GC invocations=29 (full 0):
 garbage-first heap   total reserved 1048576K, committed 142336K, used 90789K [0x00000000c0000000, 0x0000000100000000)
  region size 1024K, 4 young (4096K), 4 survivors (4096K)
 Metaspace       used 73832K, committed 75840K, reserved 1179648K
  class space    used 8184K, committed 9152K, reserved 1048576K
}
Event: 11.762 GC heap before
{Heap before GC invocations=29 (full 0):
 garbage-first heap   total reserved 1048576K, committed 142336K, used 129701K [0x00000000c0000000, 0x0000000100000000)
  region size 1024K, 42 young (43008K), 4 survivors (4096K)
 Metaspace       used 75313K, committed 77312K, reserved 1179648K
  class space    used 8359K, committed 9280K, reserved 1048576K
}

