# JRE version: OpenJDK Runtime Environment Temurin-21.0.10+7 (21.0.10+7) (build 21.0.10+7-LTS)
# Java VM: OpenJDK 64-Bit Server VM Temurin-21.0.10+7 (21.0.10+7-LTS, mixed mode, sharing, tiered, compressed oops, compressed class ptrs, g1 gc, windows-amd64)
GC Precious Log:
 CardTable entry size: 512
 Card Set container configuration: InlinePtr #cards 5 size 8 Array Of Cards #cards 12 size 40 Howl #buckets 4 coarsen threshold 1843 Howl Bitmap #cards 512 size 80 coarsen threshold 460 Card regions per heap region 1 cards per card region 2048
 CPUs: 12 total, 12 available
 Memory: 7521M
 Large Page Support: Disabled
 NUMA Support: Disabled
 Compressed Oops: Enabled (32-bit)
 Heap Region Size: 1M
 Heap Min Capacity: 8M
 Heap Initial Capacity: 118M
 Heap Max Capacity: 1G
 Pre-touch: Disabled
 Parallel Workers: 10
 Concurrent Workers: 3
 Concurrent Refinement Workers: 10
 Periodic GC: Disabled
Heap:
 garbage-first heap   total 168960K, used 131322K [0x00000000c0000000, 0x0000000100000000)
  region size 1024K, 32 young (32768K), 7 survivors (7168K)
 Metaspace       used 93784K, committed 96064K, reserved 1179648K
  class space    used 13441K, committed 14528K, reserved 1048576K
GC Heap History (20 events):
Event: 17.632 GC heap before
{Heap before GC invocations=27 (full 0):
 garbage-first heap   total 135168K, used 115561K [0x00000000c0000000, 0x0000000100000000)
  region size 1024K, 41 young (41984K), 5 survivors (5120K)
 Metaspace       used 69126K, committed 71168K, reserved 1114112K
  class space    used 9833K, committed 10880K, reserved 1048576K
}
Event: 17.639 GC heap after
{Heap after GC invocations=28 (full 0):
 garbage-first heap   total 135168K, used 81784K [0x00000000c0000000, 0x0000000100000000)
  region size 1024K, 3 young (3072K), 3 survivors (3072K)
 Metaspace       used 69126K, committed 71168K, reserved 1114112K
  class space    used 9833K, committed 10880K, reserved 1048576K
}
Event: 18.285 GC heap before
{Heap before GC invocations=28 (full 0):
 garbage-first heap   total 135168K, used 102264K [0x00000000c0000000, 0x0000000100000000)
  region size 1024K, 24 young (24576K), 3 survivors (3072K)
 Metaspace       used 71638K, committed 73600K, reserved 1114112K
  class space    used 10209K, committed 11200K, reserved 1048576K
}
Event: 18.289 GC heap after
{Heap after GC invocations=29 (full 0):
 garbage-first heap   total 135168K, used 82654K [0x00000000c0000000, 0x0000000100000000)
  region size 1024K, 4 young (4096K), 4 survivors (4096K)
 Metaspace       used 71638K, committed 73600K, reserved 1114112K
  class space    used 10209K, committed 11200K, reserved 1048576K
}
Event: 20.098 GC heap before
{Heap before GC invocations=30 (full 0):
 garbage-first heap   total 147456K, used 124638K [0x00000000c0000000, 0x0000000100000000)
  region size 1024K, 41 young (41984K), 4 survivors (4096K)
 Metaspace       used 74818K, committed 76864K, reserved 1179648K
  class space    used 10617K, committed 11648K, reserved 1048576K
}
Event: 20.113 GC heap after
{Heap after GC invocations=31 (full 0):
 garbage-first heap   total 147456K, used 89457K [0x00000000c0000000, 0x0000000100000000)
  region size 1024K, 6 young (6144K), 6 survivors (6144K)
 Metaspace       used 74818K, committed 76864K, reserved 1179648K
  class space    used 10617K, committed 11648K, reserved 1048576K
}
Event: 21.698 GC heap before
{Heap before GC invocations=31 (full 0):
 garbage-first heap   total 147456K, used 131441K [0x00000000c0000000, 0x0000000100000000)
  region size 1024K, 47 young (48128K), 6 survivors (6144K)
 Metaspace       used 75931K, committed 78016K, reserved 1179648K
  class space    used 10762K, committed 11776K, reserved 1048576K
}
Event: 21.712 GC heap after
{Heap after GC invocations=32 (full 0):
 garbage-first heap   total 147456K, used 92959K [0x00000000c0000000, 0x0000000100000000)
  region size 1024K, 6 young (6144K), 6 survivors (6144K)
 Metaspace       used 75931K, committed 78016K, reserved 1179648K
  class space    used 10762K, committed 11776K, reserved 1048576K
}
Event: 23.369 GC heap before
{Heap before GC invocations=32 (full 0):
 garbage-first heap   total 147456K, used 132895K [0x00000000c0000000, 0x0000000100000000)
  region size 1024K, 45 young (46080K), 6 survivors (6144K)
 Metaspace       used 77964K, committed 80000K, reserved 1179648K
  class space    used 11034K, committed 12032K, reserved 1048576K
}
Event: 23.406 GC heap after
{Heap after GC invocations=33 (full 0):
 garbage-first heap   total 147456K, used 95862K [0x00000000c0000000, 0x0000000100000000)
  region size 1024K, 4 young (4096K), 4 survivors (4096K)
 Metaspace       used 77964K, committed 80000K, reserved 1179648K
  class space    used 11034K, committed 12032K, reserved 1048576K
}
Event: 24.340 GC heap before
{Heap before GC invocations=34 (full 0):
 garbage-first heap   total 160768K, used 134774K [0x00000000c0000000, 0x0000000100000000)
  region size 1024K, 41 young (41984K), 4 survivors (4096K)
 Metaspace       used 80757K, committed 82816K, reserved 1179648K
  class space    used 11466K, committed 12480K, reserved 1048576K
}
Event: 24.343 GC heap after
{Heap after GC invocations=35 (full 0):
 garbage-first heap   total 160768K, used 97610K [0x00000000c0000000, 0x0000000100000000)
  region size 1024K, 2 young (2048K), 2 survivors (2048K)
 Metaspace       used 80757K, committed 82816K, reserved 1179648K
  class space    used 11466K, committed 12480K, reserved 1048576K
}
Event: 26.089 GC heap before
{Heap before GC invocations=35 (full 0):
 garbage-first heap   total 160768K, used 143690K [0x00000000c0000000, 0x0000000100000000)
  region size 1024K, 47 young (48128K), 2 survivors (2048K)
 Metaspace       used 84402K, committed 86656K, reserved 1179648K
  class space    used 12083K, committed 13184K, reserved 1048576K
}
Event: 26.092 GC heap after
{Heap after GC invocations=36 (full 0):
 garbage-first heap   total 160768K, used 96875K [0x00000000c0000000, 0x0000000100000000)
  region size 1024K, 4 young (4096K), 4 survivors (4096K)
 Metaspace       used 84402K, committed 86656K, reserved 1179648K
  class space    used 12083K, committed 13184K, reserved 1048576K
}
Event: 27.389 GC heap before
{Heap before GC invocations=36 (full 0):
 garbage-first heap   total 160768K, used 145003K [0x00000000c0000000, 0x0000000100000000)
  region size 1024K, 51 young (52224K), 4 survivors (4096K)
 Metaspace       used 87652K, committed 89856K, reserved 1179648K
  class space    used 12551K, committed 13632K, reserved 1048576K
}
Event: 27.395 GC heap after
{Heap after GC invocations=37 (full 0):
 garbage-first heap   total 160768K, used 100518K [0x00000000c0000000, 0x0000000100000000)
  region size 1024K, 7 young (7168K), 7 survivors (7168K)
 Metaspace       used 87652K, committed 89856K, reserved 1179648K
  class space    used 12551K, committed 13632K, reserved 1048576K
}
Event: 28.186 GC heap before
{Heap before GC invocations=38 (full 0):
 garbage-first heap   total 168960K, used 147622K [0x00000000c0000000, 0x0000000100000000)
  region size 1024K, 52 young (53248K), 7 survivors (7168K)
 Metaspace       used 89998K, committed 92224K, reserved 1179648K
  class space    used 12912K, committed 14016K, reserved 1048576K
}
Event: 28.192 GC heap after
{Heap after GC invocations=39 (full 0):
 garbage-first heap   total 168960K, used 104343K [0x00000000c0000000, 0x0000000100000000)
  region size 1024K, 7 young (7168K), 7 survivors (7168K)
 Metaspace       used 89998K, committed 92224K, reserved 1179648K
  class space    used 12912K, committed 14016K, reserved 1048576K
}
Event: 28.912 GC heap before
{Heap before GC invocations=39 (full 0):
 garbage-first heap   total 168960K, used 154519K [0x00000000c0000000, 0x0000000100000000)
  region size 1024K, 56 young (57344K), 7 survivors (7168K)
 Metaspace       used 92437K, committed 94656K, reserved 1179648K
  class space    used 13250K, committed 14336K, reserved 1048576K
}
Event: 28.921 GC heap after
{Heap after GC invocations=40 (full 0):
 garbage-first heap   total 168960K, used 106746K [0x00000000c0000000, 0x0000000100000000)
  region size 1024K, 7 young (7168K), 7 survivors (7168K)
 Metaspace       used 92437K, committed 94656K, reserved 1179648K
  class space    used 13250K, committed 14336K, reserved 1048576K
}

