# JRE version: OpenJDK Runtime Environment Temurin-21.0.10+7 (21.0.10+7) (build 21.0.10+7-LTS)
# Java VM: OpenJDK 64-Bit Server VM Temurin-21.0.10+7 (21.0.10+7-LTS, mixed mode, sharing, tiered, compressed oops, compressed class ptrs, g1 gc, windows-amd64)
GC Precious Log:
 CardTable entry size: 512
 Card Set container configuration: InlinePtr #cards 5 size 8 Array Of Cards #cards 12 size 40 Howl #buckets 4 coarsen threshold 1843 Howl Bitmap #cards 512 size 80 coarsen threshold 460 Card regions per heap region 1 cards per card region 2048
 CPUs: 12 total, 12 available
 Memory: 7521M
 Large Page Support: Disabled
 NUMA Support: Disabled
 Compressed Oops: Enabled (32-bit)
 Heap Region Size: 1M
 Heap Min Capacity: 8M
 Heap Initial Capacity: 118M
 Heap Max Capacity: 1G
 Pre-touch: Disabled
 Parallel Workers: 10
 Concurrent Workers: 3
 Concurrent Refinement Workers: 10
 Periodic GC: Disabled
Heap:
 garbage-first heap   total 176128K, used 109387K [0x00000000c0000000, 0x0000000100000000)
  region size 1024K, 5 young (5120K), 3 survivors (3072K)
 Metaspace       used 96209K, committed 98496K, reserved 1179648K
  class space    used 13749K, committed 14848K, reserved 1048576K
GC Heap History (20 events):
Event: 29.975 GC heap before
{Heap before GC invocations=32 (full 0):
 garbage-first heap   total 122880K, used 110331K [0x00000000c0000000, 0x0000000100000000)
  region size 1024K, 39 young (39936K), 5 survivors (5120K)
 Metaspace       used 68508K, committed 70528K, reserved 1114112K
  class space    used 9769K, committed 10752K, reserved 1048576K
}
Event: 29.985 GC heap after
{Heap after GC invocations=33 (full 0):
 garbage-first heap   total 122880K, used 79002K [0x00000000c0000000, 0x0000000100000000)
  region size 1024K, 3 young (3072K), 3 survivors (3072K)
 Metaspace       used 68508K, committed 70528K, reserved 1114112K
  class space    used 9769K, committed 10752K, reserved 1048576K
}
Event: 35.027 GC heap before
{Heap before GC invocations=34 (full 0):
 garbage-first heap   total 133120K, used 115866K [0x00000000c0000000, 0x0000000100000000)
  region size 1024K, 35 young (35840K), 3 survivors (3072K)
 Metaspace       used 71824K, committed 73792K, reserved 1114112K
  class space    used 10238K, committed 11200K, reserved 1048576K
}
Event: 35.043 GC heap after
{Heap after GC invocations=35 (full 0):
 garbage-first heap   total 133120K, used 84917K [0x00000000c0000000, 0x0000000100000000)
  region size 1024K, 4 young (4096K), 4 survivors (4096K)
 Metaspace       used 71824K, committed 73792K, reserved 1114112K
  class space    used 10238K, committed 11200K, reserved 1048576K
}
Event: 39.193 GC heap before
{Heap before GC invocations=35 (full 0):
 garbage-first heap   total 133120K, used 122805K [0x00000000c0000000, 0x0000000100000000)
  region size 1024K, 41 young (41984K), 4 survivors (4096K)
 Metaspace       used 74908K, committed 76928K, reserved 1179648K
  class space    used 10639K, committed 11648K, reserved 1048576K
}
Event: 39.213 GC heap after
{Heap after GC invocations=36 (full 0):
 garbage-first heap   total 133120K, used 86174K [0x00000000c0000000, 0x0000000100000000)
  region size 1024K, 5 young (5120K), 5 survivors (5120K)
 Metaspace       used 74908K, committed 76928K, reserved 1179648K
  class space    used 10639K, committed 11648K, reserved 1048576K
}
Event: 41.115 GC heap before
{Heap before GC invocations=36 (full 0):
 garbage-first heap   total 133120K, used 122014K [0x00000000c0000000, 0x0000000100000000)
  region size 1024K, 41 young (41984K), 5 survivors (5120K)
 Metaspace       used 75757K, committed 77760K, reserved 1179648K
  class space    used 10745K, committed 11712K, reserved 1048576K
}
Event: 41.128 GC heap after
{Heap after GC invocations=37 (full 0):
 garbage-first heap   total 133120K, used 90246K [0x00000000c0000000, 0x0000000100000000)
  region size 1024K, 6 young (6144K), 6 survivors (6144K)
 Metaspace       used 75757K, committed 77760K, reserved 1179648K
  class space    used 10745K, committed 11712K, reserved 1048576K
}
Event: 42.518 GC heap before
{Heap before GC invocations=38 (full 0):
 garbage-first heap   total 152576K, used 121990K [0x00000000c0000000, 0x0000000100000000)
  region size 1024K, 37 young (37888K), 6 survivors (6144K)
 Metaspace       used 77179K, committed 79168K, reserved 1179648K
  class space    used 10924K, committed 11904K, reserved 1048576K
}
Event: 42.527 GC heap after
{Heap after GC invocations=39 (full 0):
 garbage-first heap   total 152576K, used 91895K [0x00000000c0000000, 0x0000000100000000)
  region size 1024K, 4 young (4096K), 4 survivors (4096K)
 Metaspace       used 77179K, committed 79168K, reserved 1179648K
  class space    used 10924K, committed 11904K, reserved 1048576K
}
Event: 43.960 GC heap before
{Heap before GC invocations=39 (full 0):
 garbage-first heap   total 152576K, used 137975K [0x00000000c0000000, 0x0000000100000000)
  region size 1024K, 49 young (50176K), 4 survivors (4096K)
 Metaspace       used 80549K, committed 82624K, reserved 1179648K
  class space    used 11433K, committed 12480K, reserved 1048576K
}
Event: 43.967 GC heap after
{Heap after GC invocations=40 (full 0):
 garbage-first heap   total 152576K, used 92877K [0x00000000c0000000, 0x0000000100000000)
  region size 1024K, 5 young (5120K), 5 survivors (5120K)
 Metaspace       used 80549K, committed 82624K, reserved 1179648K
  class space    used 11433K, committed 12480K, reserved 1048576K
}
Event: 45.193 GC heap before
{Heap before GC invocations=40 (full 0):
 garbage-first heap   total 152576K, used 139981K [0x00000000c0000000, 0x0000000100000000)
  region size 1024K, 52 young (53248K), 5 survivors (5120K)
 Metaspace       used 84309K, committed 86464K, reserved 1179648K
  class space    used 12071K, committed 13184K, reserved 1048576K
}
Event: 45.199 GC heap after
{Heap after GC invocations=41 (full 0):
 garbage-first heap   total 152576K, used 94927K [0x00000000c0000000, 0x0000000100000000)
  region size 1024K, 4 young (4096K), 4 survivors (4096K)
 Metaspace       used 84309K, committed 86464K, reserved 1179648K
  class space    used 12071K, committed 13184K, reserved 1048576K
}
Event: 46.410 GC heap before
{Heap before GC invocations=42 (full 0):
 garbage-first heap   total 158720K, used 142031K [0x00000000c0000000, 0x0000000100000000)
  region size 1024K, 50 young (51200K), 4 survivors (4096K)
 Metaspace       used 87214K, committed 89408K, reserved 1179648K
  class space    used 12532K, committed 13632K, reserved 1048576K
}
Event: 46.417 GC heap after
{Heap after GC invocations=43 (full 0):
 garbage-first heap   total 158720K, used 98204K [0x00000000c0000000, 0x0000000100000000)
  region size 1024K, 7 young (7168K), 7 survivors (7168K)
 Metaspace       used 87214K, committed 89408K, reserved 1179648K
  class space    used 12532K, committed 13632K, reserved 1048576K
}
Event: 47.619 GC heap before
{Heap before GC invocations=43 (full 0):
 garbage-first heap   total 158720K, used 149404K [0x00000000c0000000, 0x0000000100000000)
  region size 1024K, 56 young (57344K), 7 survivors (7168K)
 Metaspace       used 90017K, committed 92224K, reserved 1179648K
  class space    used 12918K, committed 14016K, reserved 1048576K
}
Event: 47.632 GC heap after
{Heap after GC invocations=44 (full 0):
 garbage-first heap   total 162816K, used 101718K [0x00000000c0000000, 0x0000000100000000)
  region size 1024K, 7 young (7168K), 7 survivors (7168K)
 Metaspace       used 90017K, committed 92224K, reserved 1179648K
  class space    used 12918K, committed 14016K, reserved 1048576K
}
Event: 48.587 GC heap before
{Heap before GC invocations=44 (full 0):
 garbage-first heap   total 162816K, used 151894K [0x00000000c0000000, 0x0000000100000000)
  region size 1024K, 56 young (57344K), 7 survivors (7168K)
 Metaspace       used 92515K, committed 94784K, reserved 1179648K
  class space    used 13257K, committed 14400K, reserved 1048576K
}
Event: 48.598 GC heap after
{Heap after GC invocations=45 (full 0):
 garbage-first heap   total 162816K, used 105334K [0x00000000c0000000, 0x0000000100000000)
  region size 1024K, 7 young (7168K), 7 survivors (7168K)
 Metaspace       used 92515K, committed 94784K, reserved 1179648K
  class space    used 13257K, committed 14400K, reserved 1048576K
}

